

-------------------------------------------------
CS240 Midterm 1: task35. nguye225   
Tue Feb 23 15:56:30 EST 2016
-------------------------------------------------
task35 t                            : 5   of 5  
task35 ttt                          : 5   of 5  
task35 tight                        : 5   of 5  
task35 racecar                      : 5   of 5  
task35 are we not drawn onward we few drawn onward to new era : 5   of 5  
task35 armadillo ollidamra          : 5   of 5  
task35 t hiht                       : 5   of 5  
task35 tig                          : 5   of 5  
task35 t	igit                       : 5   of 5  
task35 asdfasdfasdfasdfasdffdsafdsafdsafdsafdsaG : 5   of 5  
-------------------------------------------------
CS240 - Midterm 1: task35. nguye225 Tue Feb 23 15:56:30 EST 2016  Total:  50 of 50



-------------------------------------------------
CS240 Midterm 1: task35. nguye225   
Tue Feb 23 16:27:01 EST 2016
-------------------------------------------------
task35 t                            : 5   of 5  
task35 ttt                          : 5   of 5  
task35 tight                        : 5   of 5  
task35 racecar                      : 5   of 5  
task35 are we not drawn onward we few drawn onward to new era : 5   of 5  
task35 armadillo ollidamra          : 5   of 5  
task35 t hiht                       : 5   of 5  
task35 tig                          : 5   of 5  
task35 t	igit                       : 5   of 5  
task35 asdfasdfasdfasdfasdffdsafdsafdsafdsafdsaG : 5   of 5  
-------------------------------------------------
CS240 - Midterm 1: task35. nguye225 Tue Feb 23 16:27:01 EST 2016  Total:  50 of 50



-------------------------------------------------
CS240 Midterm 1: task35. cs240   
Mon Jan 30 22:35:57 EST 2017
-------------------------------------------------
task35 t                            : 5   of 5  
task35 ttt                          : 5   of 5  
task35 tight                        : 5   of 5  
task35 racecar                      : 5   of 5  
task35 are we not drawn onward we few drawn onward to new era : 5   of 5  
task35 armadillo ollidamra          : 5   of 5  
task35 t hiht                       : 5   of 5  
task35 tig                          : 5   of 5  
task35 t	igit                       : 5   of 5  
task35 asdfasdfasdfasdfasdffdsafdsafdsafdsafdsaG : 5   of 5  
-------------------------------------------------
CS240 - Midterm 1: task35. cs240 Mon Jan 30 22:35:57 EST 2017  Total:  50 of 50



-------------------------------------------------
CS240 Midterm 1: task35. cs240   
Mon Jan 30 22:37:46 EST 2017
-------------------------------------------------
task35 t                            : 5   of 5  
task35 ttt                          : 5   of 5  
task35 tight                        : 5   of 5  
task35 racecar                      : 5   of 5  
task35 are we not drawn onward we few drawn onward to new era : 5   of 5  
task35 armadillo ollidamra          : 5   of 5  
task35 t hiht                       : 5   of 5  
task35 tig                          : 5   of 5  
task35 t	igit                       : 5   of 5  
task35 asdfasdfasdfasdfasdffdsafdsafdsafdsafdsaG : 5   of 5  
-------------------------------------------------
CS240 - Midterm 1: task35. cs240 Mon Jan 30 22:37:46 EST 2017  Total:  50 of 50



-------------------------------------------------
CS240 Midterm 1: task35. cs240   
Mon Jan 30 22:39:17 EST 2017
-------------------------------------------------
task35 t                            : 5   of 5  
task35 ttt                          : 5   of 5  
task35 tight                        : 5   of 5  
task35 racecar                      : 5   of 5  
task35 are we not drawn onward we few drawn onward to new era : 5   of 5  
task35 armadillo ollidamra          : 5   of 5  
task35 t hiht                       : 5   of 5  
task35 tig                          : 5   of 5  
task35 t	igit                       : 5   of 5  
task35 asdfasdfasdfasdfasdffdsafdsafdsafdsafdsaG : 5   of 5  
-------------------------------------------------
CS240 - Midterm 1: task35. cs240 Mon Jan 30 22:39:17 EST 2017  Total:  50 of 50



-------------------------------------------------
CS240 Midterm 1: task35. cs240   
Mon Jan 30 22:40:06 EST 2017
-------------------------------------------------
task35 t                            : 0   of 5  
task35 ttt                          : 0   of 5  
task35 tight                        : 5   of 5  
task35 racecar                      : 0   of 5  
task35 are we not drawn onward we few drawn onward to new era : 0   of 5  
task35 armadillo ollidamra          : 0   of 5  
task35 t hiht                       : 0   of 5  
task35 tig                          : 5   of 5  
task35 t	igit                       : 0   of 5  
task35 asdfasdfasdfasdfasdffdsafdsafdsafdsafdsaG : 5   of 5  
-------------------------------------------------
CS240 - Midterm 1: task35. cs240 Mon Jan 30 22:40:06 EST 2017  Total:  15 of 50



-------------------------------------------------
CS240 Midterm 1: task35. cs240   
Mon Jan 30 22:40:30 EST 2017
-------------------------------------------------
task35 t                            : 0   of 5  
task35 ttt                          : 0   of 5  
task35 tight                        : 5   of 5  
task35 racecar                      : 0   of 5  
task35 are we not drawn onward we few drawn onward to new era : 0   of 5  
task35 armadillo ollidamra          : 0   of 5  
task35 t hiht                       : 0   of 5  
task35 tig                          : 5   of 5  
task35 t	igit                       : 0   of 5  
task35 asdfasdfasdfasdfasdffdsafdsafdsafdsafdsaG : 5   of 5  
-------------------------------------------------
CS240 - Midterm 1: task35. cs240 Mon Jan 30 22:40:30 EST 2017  Total:  15 of 50



-------------------------------------------------
CS240 Midterm 1: task35. cs240   
Mon Jan 30 22:40:44 EST 2017
-------------------------------------------------
task35 t                            : 0   of 5  
task35 ttt                          : 0   of 5  
task35 tight                        : 5   of 5  
task35 racecar                      : 0   of 5  
task35 are we not drawn onward we few drawn onward to new era : 0   of 5  
task35 armadillo ollidamra          : 0   of 5  
task35 t hiht                       : 0   of 5  
task35 tig                          : 5   of 5  
task35 t	igit                       : 0   of 5  
task35 asdfasdfasdfasdfasdffdsafdsafdsafdsafdsaG : 5   of 5  
-------------------------------------------------
CS240 - Midterm 1: task35. cs240 Mon Jan 30 22:40:44 EST 2017  Total:  15 of 50



-------------------------------------------------
CS240 Midterm 1: task35. cs240   
Mon Jan 30 22:41:12 EST 2017
-------------------------------------------------
task35 t                            : 0   of 5  
task35 ttt                          : 0   of 5  
task35 tight                        : 5   of 5  
task35 racecar                      : 0   of 5  
task35 are we not drawn onward we few drawn onward to new era : 0   of 5  
task35 armadillo ollidamra          : 0   of 5  
task35 t hiht                       : 0   of 5  
task35 tig                          : 5   of 5  
task35 t	igit                       : 0   of 5  
task35 asdfasdfasdfasdfasdffdsafdsafdsafdsafdsaG : 5   of 5  
-------------------------------------------------
CS240 - Midterm 1: task35. cs240 Mon Jan 30 22:41:12 EST 2017  Total:  15 of 50



-------------------------------------------------
CS240 Midterm 1: task35. cs240   
Mon Jan 30 22:41:45 EST 2017
-------------------------------------------------
task35 t                            : 0   of 5  
task35 ttt                          : 0   of 5  
task35 tight                        : 5   of 5  
task35 racecar                      : 0   of 5  
task35 are we not drawn onward we few drawn onward to new era : 0   of 5  
task35 armadillo ollidamra          : 0   of 5  
task35 t hiht                       : 0   of 5  
task35 tig                          : 5   of 5  
task35 t	igit                       : 0   of 5  
task35 asdfasdfasdfasdfasdffdsafdsafdsafdsafdsaG : 5   of 5  
-------------------------------------------------
CS240 - Midterm 1: task35. cs240 Mon Jan 30 22:41:45 EST 2017  Total:  15 of 50



-------------------------------------------------
CS240 Midterm 1: task35. cs240   
Mon Jan 30 22:42:29 EST 2017
-------------------------------------------------
task35 t                            : 0   of 5  
task35 ttt                          : 0   of 5  
task35 tight                        : 5   of 5  
task35 racecar                      : 0   of 5  
task35 are we not drawn onward we few drawn onward to new era : 0   of 5  
task35 armadillo ollidamra          : 0   of 5  
task35 t hiht                       : 0   of 5  
task35 tig                          : 5   of 5  
task35 t	igit                       : 0   of 5  
task35 asdfasdfasdfasdfasdffdsafdsafdsafdsafdsaG : 5   of 5  
-------------------------------------------------
CS240 - Midterm 1: task35. cs240 Mon Jan 30 22:42:29 EST 2017  Total:  15 of 50



-------------------------------------------------
CS240 Midterm 1: task35. cs240   
Mon Jan 30 22:42:49 EST 2017
-------------------------------------------------
task35 t                            : 0   of 5  
task35 ttt                          : 0   of 5  
task35 tight                        : 5   of 5  
task35 racecar                      : 0   of 5  
task35 are we not drawn onward we few drawn onward to new era : 0   of 5  
task35 armadillo ollidamra          : 0   of 5  
task35 t hiht                       : 0   of 5  
task35 tig                          : 5   of 5  
task35 t	igit                       : 0   of 5  
task35 asdfasdfasdfasdfasdffdsafdsafdsafdsafdsaG : 5   of 5  
-------------------------------------------------
CS240 - Midterm 1: task35. cs240 Mon Jan 30 22:42:49 EST 2017  Total:  15 of 50



-------------------------------------------------
CS240 Midterm 1: task35. jandruli   
Tue Jan 31 07:54:43 EST 2017
-------------------------------------------------
task35 t                            : 0   of 5  
task35 ttt                          : 0   of 5  
task35 tight                        : 5   of 5  
task35 racecar                      : 0   of 5  
task35 are we not drawn onward we few drawn onward to new era : 0   of 5  
task35 armadillo ollidamra          : 0   of 5  
task35 t hiht                       : 0   of 5  
task35 tig                          : 5   of 5  
task35 t	igit                       : 0   of 5  
task35 asdfasdfasdfasdfasdffdsafdsafdsafdsafdsaG : 5   of 5  
-------------------------------------------------
CS240 - Midterm 1: task35. jandruli Tue Jan 31 07:54:43 EST 2017  Total:  15 of 50



-------------------------------------------------
CS240 Midterm 1: task35. jandruli   
Mon Feb  6 11:51:25 EST 2017
-------------------------------------------------
task35 t                            : 5   of 5  
task35 ttt                          : 5   of 5  
task35 tight                        : 0   of 5  
task35 racecar                      : 5   of 5  
task35 are we not drawn onward we few drawn onward to new era : 5   of 5  
task35 armadillo ollidamra          : 5   of 5  
task35 t hiht                       : 5   of 5  
task35 tig                          : 0   of 5  
task35 t	igit                       : 5   of 5  
task35 asdfasdfasdfasdfasdffdsafdsafdsafdsafdsaG : 0   of 5  
-------------------------------------------------
CS240 - Midterm 1: task35. jandruli Mon Feb 6 11:51:25 EST 2017  Total:  35 of 50



-------------------------------------------------
CS240 Midterm 1: task35. jandruli   
Mon Feb  6 11:52:19 EST 2017
-------------------------------------------------
task35 t                            : 5   of 5  
task35 ttt                          : 5   of 5  
task35 tight                        : 0   of 5  
task35 racecar                      : 5   of 5  
task35 are we not drawn onward we few drawn onward to new era : 5   of 5  
task35 armadillo ollidamra          : 5   of 5  
task35 t hiht                       : 5   of 5  
task35 tig                          : 0   of 5  
task35 t	igit                       : 5   of 5  
task35 asdfasdfasdfasdfasdffdsafdsafdsafdsafdsaG : 0   of 5  
-------------------------------------------------
CS240 - Midterm 1: task35. jandruli Mon Feb 6 11:52:19 EST 2017  Total:  35 of 50



-------------------------------------------------
CS240 Midterm 1: task35. jandruli   
Mon Feb  6 11:52:45 EST 2017
-------------------------------------------------
task35 t                            : 5   of 5  
task35 ttt                          : 5   of 5  
task35 tight                        : 0   of 5  
task35 racecar                      : 5   of 5  
task35 are we not drawn onward we few drawn onward to new era : 5   of 5  
task35 armadillo ollidamra          : 5   of 5  
task35 t hiht                       : 5   of 5  
task35 tig                          : 0   of 5  
task35 t	igit                       : 5   of 5  
task35 asdfasdfasdfasdfasdffdsafdsafdsafdsafdsaG : 0   of 5  
-------------------------------------------------
CS240 - Midterm 1: task35. jandruli Mon Feb 6 11:52:45 EST 2017  Total:  35 of 50



-------------------------------------------------
CS240 Midterm 1: task35. jandruli   
Mon Feb  6 11:53:16 EST 2017
-------------------------------------------------
task35 t                            : 0   of 5  
task35 ttt                          : 0   of 5  
task35 tight                        : 5   of 5  
task35 racecar                      : 0   of 5  
task35 are we not drawn onward we few drawn onward to new era : 0   of 5  
task35 armadillo ollidamra          : 0   of 5  
task35 t hiht                       : 0   of 5  
task35 tig                          : 5   of 5  
task35 t	igit                       : 0   of 5  
task35 asdfasdfasdfasdfasdffdsafdsafdsafdsafdsaG : 5   of 5  
-------------------------------------------------
CS240 - Midterm 1: task35. jandruli Mon Feb 6 11:53:16 EST 2017  Total:  15 of 50



-------------------------------------------------
CS240 Midterm 1: task35. jandruli   
Mon Feb  6 11:58:26 EST 2017
-------------------------------------------------
task35 t                            : 0   of 5  
task35 ttt                          : 0   of 5  
task35 tight                        : 5   of 5  
task35 racecar                      : 0   of 5  
task35 are we not drawn onward we few drawn onward to new era : 0   of 5  
task35 armadillo ollidamra          : 0   of 5  
task35 t hiht                       : 0   of 5  
task35 tig                          : 5   of 5  
task35 t	igit                       : 0   of 5  
task35 asdfasdfasdfasdfasdffdsafdsafdsafdsafdsaG : 5   of 5  
-------------------------------------------------
CS240 - Midterm 1: task35. jandruli Mon Feb 6 11:58:26 EST 2017  Total:  15 of 50



-------------------------------------------------
CS240 Midterm 1: task35. jandruli   
Mon Feb  6 15:44:01 EST 2017
-------------------------------------------------
task35 t                            : 0   of 5  
task35 ttt                          : 0   of 5  
task35 tight                        : 5   of 5  
task35 racecar                      : 0   of 5  
task35 are we not drawn onward we few drawn onward to new era : 0   of 5  
task35 armadillo ollidamra          : 0   of 5  
task35 t hiht                       : 0   of 5  
task35 tig                          : 5   of 5  
task35 t	igit                       : 0   of 5  
task35 asdfasdfasdfasdfasdffdsafdsafdsafdsafdsaG : 5   of 5  
-------------------------------------------------
CS240 - Midterm 1: task35. jandruli Mon Feb 6 15:44:01 EST 2017  Total:  15 of 50



-------------------------------------------------
CS240 Midterm 1: task35. jandruli   
Mon Feb  6 17:16:38 EST 2017
-------------------------------------------------
task35 t                            : 0   of 5  
task35 ttt                          : 0   of 5  
task35 tight                        : 5   of 5  
task35 racecar                      : 0   of 5  
task35 are we not drawn onward we few drawn onward to new era : 0   of 5  
task35 armadillo ollidamra          : 0   of 5  
task35 t hiht                       : 0   of 5  
task35 tig                          : 5   of 5  
task35 t	igit                       : 0   of 5  
task35 asdfasdfasdfasdfasdffdsafdsafdsafdsafdsaG : 5   of 5  
-------------------------------------------------
CS240 - Midterm 1: task35. jandruli Mon Feb 6 17:16:38 EST 2017  Total:  15 of 50



-------------------------------------------------
CS240 Midterm 1: task35. jandruli   
Mon Feb  6 17:16:40 EST 2017
-------------------------------------------------
task35 t                            : 0   of 5  
task35 ttt                          : 0   of 5  
task35 tight                        : 5   of 5  
task35 racecar                      : 0   of 5  
task35 are we not drawn onward we few drawn onward to new era : 0   of 5  
task35 armadillo ollidamra          : 0   of 5  
task35 t hiht                       : 0   of 5  
task35 tig                          : 5   of 5  
task35 t	igit                       : 0   of 5  
task35 asdfasdfasdfasdfasdffdsafdsafdsafdsafdsaG : 5   of 5  
-------------------------------------------------
CS240 - Midterm 1: task35. jandruli Mon Feb 6 17:16:40 EST 2017  Total:  15 of 50



-------------------------------------------------
CS240 Midterm 1: task35. jandruli   
Tue Feb  7 22:54:24 EST 2017
-------------------------------------------------
task35 t                            : 0   of 5  
task35 ttt                          : 0   of 5  
task35 tight                        : 5   of 5  
task35 racecar                      : 0   of 5  
task35 are we not drawn onward we few drawn onward to new era : 0   of 5  
task35 armadillo ollidamra          : 0   of 5  
task35 t hiht                       : 0   of 5  
task35 tig                          : 5   of 5  
task35 t	igit                       : 0   of 5  
task35 asdfasdfasdfasdfasdffdsafdsafdsafdsafdsaG : 5   of 5  
-------------------------------------------------
CS240 - Midterm 1: task35. jandruli Tue Feb 7 22:54:24 EST 2017  Total:  15 of 50



-------------------------------------------------
CS240 Midterm 1: task35. jandruli   
Tue Feb  7 22:56:23 EST 2017
-------------------------------------------------
task35 t                            : 0   of 5  
task35 ttt                          : 0   of 5  
task35 tight                        : 0   of 5  
task35 racecar                      : 0   of 5  
task35 are we not drawn onward we few drawn onward to new era : 0   of 5  
task35 armadillo ollidamra          : 0   of 5  
task35 t hiht                       : 0   of 5  
task35 tig                          : 0   of 5  
task35 t	igit                       : 0   of 5  
task35 asdfasdfasdfasdfasdffdsafdsafdsafdsafdsaG : 0   of 5  
-------------------------------------------------
CS240 - Midterm 1: task35. jandruli Tue Feb 7 22:56:23 EST 2017  Total:  0 of 50



-------------------------------------------------
CS240 Midterm 1: task35. jandruli   
Tue Feb  7 22:56:59 EST 2017
-------------------------------------------------
task35 t                            : 0   of 5  
task35 ttt                          : 0   of 5  
task35 tight                        : 5   of 5  
task35 racecar                      : 0   of 5  
task35 are we not drawn onward we few drawn onward to new era : 0   of 5  
task35 armadillo ollidamra          : 0   of 5  
task35 t hiht                       : 0   of 5  
task35 tig                          : 5   of 5  
task35 t	igit                       : 0   of 5  
task35 asdfasdfasdfasdfasdffdsafdsafdsafdsafdsaG : 5   of 5  
-------------------------------------------------
CS240 - Midterm 1: task35. jandruli Tue Feb 7 22:56:59 EST 2017  Total:  15 of 50



-------------------------------------------------
CS240 Midterm 1: task35. jandruli   
Tue Feb  7 22:57:22 EST 2017
-------------------------------------------------
task35 t                            : 0   of 5  
task35 ttt                          : 0   of 5  
task35 tight                        : 5   of 5  
task35 racecar                      : 0   of 5  
task35 are we not drawn onward we few drawn onward to new era : 0   of 5  
task35 armadillo ollidamra          : 0   of 5  
task35 t hiht                       : 0   of 5  
task35 tig                          : 5   of 5  
task35 t	igit                       : 0   of 5  
task35 asdfasdfasdfasdfasdffdsafdsafdsafdsafdsaG : 5   of 5  
-------------------------------------------------
CS240 - Midterm 1: task35. jandruli Tue Feb 7 22:57:22 EST 2017  Total:  15 of 50



-------------------------------------------------
CS240 Midterm 1: task35. jandruli   
Tue Feb  7 23:03:02 EST 2017
-------------------------------------------------
task35 t                            : 0   of 5  
task35 ttt                          : 0   of 5  
task35 tight                        : 5   of 5  
task35 racecar                      : 0   of 5  
task35 are we not drawn onward we few drawn onward to new era : 0   of 5  
task35 armadillo ollidamra          : 0   of 5  
task35 t hiht                       : 0   of 5  
task35 tig                          : 5   of 5  
task35 t	igit                       : 0   of 5  
task35 asdfasdfasdfasdfasdffdsafdsafdsafdsafdsaG : 5   of 5  
-------------------------------------------------
CS240 - Midterm 1: task35. jandruli Tue Feb 7 23:03:02 EST 2017  Total:  15 of 50



-------------------------------------------------
CS240 Midterm 1: task35. jandruli   
Tue Feb  7 23:03:59 EST 2017
-------------------------------------------------
task35 t                            : 0   of 5  
task35 ttt                          : 0   of 5  
task35 tight                        : 5   of 5  
task35 racecar                      : 0   of 5  
task35 are we not drawn onward we few drawn onward to new era : 0   of 5  
task35 armadillo ollidamra          : 0   of 5  
task35 t hiht                       : 0   of 5  
task35 tig                          : 5   of 5  
task35 t	igit                       : 0   of 5  
task35 asdfasdfasdfasdfasdffdsafdsafdsafdsafdsaG : 5   of 5  
-------------------------------------------------
CS240 - Midterm 1: task35. jandruli Tue Feb 7 23:03:59 EST 2017  Total:  15 of 50



-------------------------------------------------
CS240 Midterm 1: task35. jandruli   
Tue Feb  7 23:04:31 EST 2017
-------------------------------------------------
task35 t                            : 0   of 5  
task35 ttt                          : 0   of 5  
task35 tight                        : 5   of 5  
task35 racecar                      : 0   of 5  
task35 are we not drawn onward we few drawn onward to new era : 0   of 5  
task35 armadillo ollidamra          : 0   of 5  
task35 t hiht                       : 0   of 5  
task35 tig                          : 5   of 5  
task35 t	igit                       : 0   of 5  
task35 asdfasdfasdfasdfasdffdsafdsafdsafdsafdsaG : 5   of 5  
-------------------------------------------------
CS240 - Midterm 1: task35. jandruli Tue Feb 7 23:04:31 EST 2017  Total:  15 of 50



-------------------------------------------------
CS240 Midterm 1: task35. jandruli   
Tue Feb  7 23:09:14 EST 2017
-------------------------------------------------
task35 t                            : 0   of 5  
task35 ttt                          : 0   of 5  
task35 tight                        : 0   of 5  
task35 racecar                      : 0   of 5  
task35 are we not drawn onward we few drawn onward to new era : 0   of 5  
task35 armadillo ollidamra          : 0   of 5  
task35 t hiht                       : 0   of 5  
task35 tig                          : 0   of 5  
task35 t	igit                       : 0   of 5  
task35 asdfasdfasdfasdfasdffdsafdsafdsafdsafdsaG : 0   of 5  
-------------------------------------------------
CS240 - Midterm 1: task35. jandruli Tue Feb 7 23:09:14 EST 2017  Total:  0 of 50



-------------------------------------------------
CS240 Midterm 1: task35. jandruli   
Tue Feb  7 23:09:43 EST 2017
-------------------------------------------------
task35 t                            : 0   of 5  
task35 ttt                          : 0   of 5  
task35 tight                        : 0   of 5  
task35 racecar                      : 0   of 5  
task35 are we not drawn onward we few drawn onward to new era : 0   of 5  
task35 armadillo ollidamra          : 0   of 5  
task35 t hiht                       : 0   of 5  
task35 tig                          : 0   of 5  
task35 t	igit                       : 0   of 5  
task35 asdfasdfasdfasdfasdffdsafdsafdsafdsafdsaG : 0   of 5  
-------------------------------------------------
CS240 - Midterm 1: task35. jandruli Tue Feb 7 23:09:43 EST 2017  Total:  0 of 50



-------------------------------------------------
CS240 Midterm 1: task35. jandruli   
Tue Feb  7 23:10:11 EST 2017
-------------------------------------------------
task35 t                            : 0   of 5  
task35 ttt                          : 0   of 5  
task35 tight                        : 0   of 5  
task35 racecar                      : 0   of 5  
task35 are we not drawn onward we few drawn onward to new era : 0   of 5  
task35 armadillo ollidamra          : 0   of 5  
task35 t hiht                       : 0   of 5  
task35 tig                          : 0   of 5  
task35 t	igit                       : 0   of 5  
task35 asdfasdfasdfasdfasdffdsafdsafdsafdsafdsaG : 0   of 5  
-------------------------------------------------
CS240 - Midterm 1: task35. jandruli Tue Feb 7 23:10:11 EST 2017  Total:  0 of 50



-------------------------------------------------
CS240 Midterm 1: task35. jandruli   
Tue Feb  7 23:10:30 EST 2017
-------------------------------------------------
task35 t                            : 5   of 5  
task35 ttt                          : 5   of 5  
task35 tight                        : 5   of 5  
task35 racecar                      : 5   of 5  
task35 are we not drawn onward we few drawn onward to new era : 5   of 5  
task35 armadillo ollidamra          : 5   of 5  
task35 t hiht                       : 5   of 5  
task35 tig                          : 5   of 5  
task35 t	igit                       : 5   of 5  
task35 asdfasdfasdfasdfasdffdsafdsafdsafdsafdsaG : 5   of 5  
-------------------------------------------------
CS240 - Midterm 1: task35. jandruli Tue Feb 7 23:10:30 EST 2017  Total:  50 of 50



-------------------------------------------------
CS240 Midterm 1: task35. jandruli   
Tue Feb  7 23:52:41 EST 2017
-------------------------------------------------
task35 t                            : 5   of 5  
task35 ttt                          : 5   of 5  
task35 tight                        : 5   of 5  
task35 racecar                      : 5   of 5  
task35 are we not drawn onward we few drawn onward to new era : 5   of 5  
task35 armadillo ollidamra          : 5   of 5  
task35 t hiht                       : 5   of 5  
task35 tig                          : 5   of 5  
task35 t	igit                       : 5   of 5  
task35 asdfasdfasdfasdfasdffdsafdsafdsafdsafdsaG : 5   of 5  
-------------------------------------------------
CS240 - Midterm 1: task35. jandruli Tue Feb 7 23:52:41 EST 2017  Total:  50 of 50



-------------------------------------------------
CS240 Midterm 1: task35. jandruli   
Wed Feb  8 18:17:11 EST 2017
-------------------------------------------------
task35 t                            : 5   of 5  
task35 ttt                          : 5   of 5  
task35 tight                        : 5   of 5  
task35 racecar                      : 5   of 5  
task35 are we not drawn onward we few drawn onward to new era : 5   of 5  
task35 armadillo ollidamra          : 5   of 5  
task35 t hiht                       : 5   of 5  
task35 tig                          : 5   of 5  
task35 t	igit                       : 5   of 5  
task35 asdfasdfasdfasdfasdffdsafdsafdsafdsafdsaG : 5   of 5  
-------------------------------------------------
CS240 - Midterm 1: task35. jandruli Wed Feb 8 18:17:11 EST 2017  Total:  50 of 50



-------------------------------------------------
CS240 Midterm 1: task35. jandruli   
Fri Feb 10 09:03:08 EST 2017
-------------------------------------------------
task35 t                            : 5   of 5  
task35 ttt                          : 5   of 5  
task35 tight                        : 5   of 5  
task35 racecar                      : 5   of 5  
task35 are we not drawn onward we few drawn onward to new era : 5   of 5  
task35 armadillo ollidamra          : 5   of 5  
task35 t hiht                       : 5   of 5  
task35 tig                          : 5   of 5  
task35 t	igit                       : 5   of 5  
task35 asdfasdfasdfasdfasdffdsafdsafdsafdsafdsaG : 5   of 5  
-------------------------------------------------
CS240 - Midterm 1: task35. jandruli Fri Feb 10 09:03:08 EST 2017  Total:  50 of 50



-------------------------------------------------
CS240 Midterm 1: task35. jandruli   
Fri Feb 10 09:14:39 EST 2017
-------------------------------------------------
task35 t                            : 5   of 5  
task35 ttt                          : 5   of 5  
task35 tight                        : 5   of 5  
task35 racecar                      : 5   of 5  
task35 are we not drawn onward we few drawn onward to new era : 5   of 5  
task35 armadillo ollidamra          : 5   of 5  
task35 t hiht                       : 5   of 5  
task35 tig                          : 5   of 5  
task35 t	igit                       : 5   of 5  
task35 asdfasdfasdfasdfasdffdsafdsafdsafdsafdsaG : 5   of 5  
-------------------------------------------------
CS240 - Midterm 1: task35. jandruli Fri Feb 10 09:14:39 EST 2017  Total:  50 of 50

