

-------------------------------------------------
CS240 Midterm 1: emptyLineCount. nguye225   
Tue Feb 23 15:45:28 EST 2016
-------------------------------------------------
task29  : test1                          0   of 5  
task29  : test2                          0   of 5  
task29  : test3                          0   of 5  
task29  : test4                          5   of 5  
task29  : test5                          0   of 5  
task29  : test6                          0   of 5  
-------------------------------------------------
CS240 - Midterm 1: emptyLineCount. nguye225 Tue Feb 23 15:45:28 EST 2016  Total:  5 of 30



-------------------------------------------------
CS240 Midterm 1: emptyLineCount. nguye225   
Tue Feb 23 15:46:04 EST 2016
-------------------------------------------------
task29  : test1                          0   of 5  
task29  : test2                          0   of 5  
task29  : test3                          0   of 5  
task29  : test4                          5   of 5  
task29  : test5                          0   of 5  
task29  : test6                          0   of 5  
-------------------------------------------------
CS240 - Midterm 1: emptyLineCount. nguye225 Tue Feb 23 15:46:04 EST 2016  Total:  5 of 30



-------------------------------------------------
CS240 Midterm 1: emptyLineCount. nguye225   
Tue Feb 23 16:16:55 EST 2016
-------------------------------------------------
task29  : test1                          0   of 5  
task29  : test2                          0   of 5  
task29  : test3                          0   of 5  
task29  : test4                          5   of 5  
task29  : test5                          0   of 5  
task29  : test6                          0   of 5  
-------------------------------------------------
CS240 - Midterm 1: emptyLineCount. nguye225 Tue Feb 23 16:16:55 EST 2016  Total:  5 of 30



-------------------------------------------------
CS240 Midterm 1: emptyLineCount. nguye225   
Tue Feb 23 16:24:24 EST 2016
-------------------------------------------------
task29  : test1                          0   of 5  
task29  : test2                          0   of 5  
task29  : test3                          0   of 5  
task29  : test4                          5   of 5  
task29  : test5                          0   of 5  
task29  : test6                          0   of 5  
-------------------------------------------------
CS240 - Midterm 1: emptyLineCount. nguye225 Tue Feb 23 16:24:24 EST 2016  Total:  5 of 30



-------------------------------------------------
CS240 Midterm 1: emptyLineCount. nguye225   
Tue Feb 23 16:26:35 EST 2016
-------------------------------------------------
task29  : test1                          5   of 5  
task29  : test2                          5   of 5  
task29  : test3                          5   of 5  
task29  : test4                          5   of 5  
task29  : test5                          5   of 5  
task29  : test6                          5   of 5  
-------------------------------------------------
CS240 - Midterm 1: emptyLineCount. nguye225 Tue Feb 23 16:26:35 EST 2016  Total:  30 of 30



-------------------------------------------------
CS240 Midterm 1: emptyLineCount. nguye225   
Tue Feb 23 16:26:53 EST 2016
-------------------------------------------------
task29  : test1                          5   of 5  
task29  : test2                          5   of 5  
task29  : test3                          5   of 5  
task29  : test4                          5   of 5  
task29  : test5                          5   of 5  
task29  : test6                          5   of 5  
-------------------------------------------------
CS240 - Midterm 1: emptyLineCount. nguye225 Tue Feb 23 16:26:53 EST 2016  Total:  30 of 30



-------------------------------------------------
CS240 Midterm 1: emptyLineCount. nguye225   
Tue Feb 23 16:27:01 EST 2016
-------------------------------------------------
task29  : test1                          5   of 5  
task29  : test2                          5   of 5  
task29  : test3                          5   of 5  
task29  : test4                          5   of 5  
task29  : test5                          5   of 5  
task29  : test6                          5   of 5  
-------------------------------------------------
CS240 - Midterm 1: emptyLineCount. nguye225 Tue Feb 23 16:27:01 EST 2016  Total:  30 of 30



-------------------------------------------------
CS240 Midterm 1: emptyLineCount. cs240   
Mon Jan 30 22:26:59 EST 2017
-------------------------------------------------
task29  : test1                          0   of 5  
task29  : test2                          0   of 5  
task29  : test3                          0   of 5  
task29  : test4                          5   of 5  
task29  : test5                          0   of 5  
task29  : test6                          0   of 5  
-------------------------------------------------
CS240 - Midterm 1: emptyLineCount. cs240 Mon Jan 30 22:26:59 EST 2017  Total:  5 of 30



-------------------------------------------------
CS240 Midterm 1: emptyLineCount. cs240   
Mon Jan 30 22:27:44 EST 2017
-------------------------------------------------
task29  : test1                          0   of 5  
task29  : test2                          0   of 5  
task29  : test3                          0   of 5  
task29  : test4                          5   of 5  
task29  : test5                          0   of 5  
task29  : test6                          0   of 5  
-------------------------------------------------
CS240 - Midterm 1: emptyLineCount. cs240 Mon Jan 30 22:27:44 EST 2017  Total:  5 of 30



-------------------------------------------------
CS240 Midterm 1: emptyLineCount. cs240   
Mon Jan 30 22:30:34 EST 2017
-------------------------------------------------
task29  : test1                          0   of 5  
task29  : test2                          0   of 5  
task29  : test3                          0   of 5  
task29  : test4                          5   of 5  
task29  : test5                          0   of 5  
task29  : test6                          0   of 5  
-------------------------------------------------
CS240 - Midterm 1: emptyLineCount. cs240 Mon Jan 30 22:30:34 EST 2017  Total:  5 of 30



-------------------------------------------------
CS240 Midterm 1: emptyLineCount. cs240   
Mon Jan 30 22:37:46 EST 2017
-------------------------------------------------
task29  : test1                          0   of 5  
task29  : test2                          0   of 5  
task29  : test3                          0   of 5  
task29  : test4                          5   of 5  
task29  : test5                          0   of 5  
task29  : test6                          0   of 5  
-------------------------------------------------
CS240 - Midterm 1: emptyLineCount. cs240 Mon Jan 30 22:37:46 EST 2017  Total:  5 of 30



-------------------------------------------------
CS240 Midterm 1: emptyLineCount. cs240   
Mon Jan 30 22:40:44 EST 2017
-------------------------------------------------
task29  : test1                          0   of 5  
task29  : test2                          0   of 5  
task29  : test3                          0   of 5  
task29  : test4                          5   of 5  
task29  : test5                          0   of 5  
task29  : test6                          0   of 5  
-------------------------------------------------
CS240 - Midterm 1: emptyLineCount. cs240 Mon Jan 30 22:40:44 EST 2017  Total:  5 of 30



-------------------------------------------------
CS240 Midterm 1: emptyLineCount. cs240   
Mon Jan 30 22:41:11 EST 2017
-------------------------------------------------
task29  : test1                          0   of 5  
task29  : test2                          0   of 5  
task29  : test3                          0   of 5  
task29  : test4                          5   of 5  
task29  : test5                          0   of 5  
task29  : test6                          0   of 5  
-------------------------------------------------
CS240 - Midterm 1: emptyLineCount. cs240 Mon Jan 30 22:41:11 EST 2017  Total:  5 of 30



-------------------------------------------------
CS240 Midterm 1: emptyLineCount. cs240   
Mon Jan 30 22:41:45 EST 2017
-------------------------------------------------
task29  : test1                          0   of 5  
task29  : test2                          0   of 5  
task29  : test3                          0   of 5  
task29  : test4                          5   of 5  
task29  : test5                          0   of 5  
task29  : test6                          0   of 5  
-------------------------------------------------
CS240 - Midterm 1: emptyLineCount. cs240 Mon Jan 30 22:41:45 EST 2017  Total:  5 of 30



-------------------------------------------------
CS240 Midterm 1: emptyLineCount. cs240   
Mon Jan 30 22:42:29 EST 2017
-------------------------------------------------
task29  : test1                          0   of 5  
task29  : test2                          0   of 5  
task29  : test3                          0   of 5  
task29  : test4                          5   of 5  
task29  : test5                          0   of 5  
task29  : test6                          0   of 5  
-------------------------------------------------
CS240 - Midterm 1: emptyLineCount. cs240 Mon Jan 30 22:42:29 EST 2017  Total:  5 of 30



-------------------------------------------------
CS240 Midterm 1: emptyLineCount. cs240   
Mon Jan 30 22:42:49 EST 2017
-------------------------------------------------
task29  : test1                          0   of 5  
task29  : test2                          0   of 5  
task29  : test3                          0   of 5  
task29  : test4                          5   of 5  
task29  : test5                          0   of 5  
task29  : test6                          0   of 5  
-------------------------------------------------
CS240 - Midterm 1: emptyLineCount. cs240 Mon Jan 30 22:42:49 EST 2017  Total:  5 of 30



-------------------------------------------------
CS240 Midterm 1: emptyLineCount. jandruli   
Tue Jan 31 07:54:43 EST 2017
-------------------------------------------------
task29  : test1                          0   of 5  
task29  : test2                          0   of 5  
task29  : test3                          0   of 5  
task29  : test4                          5   of 5  
task29  : test5                          0   of 5  
task29  : test6                          0   of 5  
-------------------------------------------------
CS240 - Midterm 1: emptyLineCount. jandruli Tue Jan 31 07:54:43 EST 2017  Total:  5 of 30



-------------------------------------------------
CS240 Midterm 1: emptyLineCount. jandruli   
Mon Feb  6 11:40:45 EST 2017
-------------------------------------------------
task29  : test1                          0   of 5  
task29  : test2                          0   of 5  
task29  : test3                          0   of 5  
task29  : test4                          5   of 5  
task29  : test5                          0   of 5  
task29  : test6                          0   of 5  
-------------------------------------------------
CS240 - Midterm 1: emptyLineCount. jandruli Mon Feb 6 11:40:45 EST 2017  Total:  5 of 30



-------------------------------------------------
CS240 Midterm 1: emptyLineCount. jandruli   
Mon Feb  6 11:41:36 EST 2017
-------------------------------------------------
task29  : test1                          0   of 5  
task29  : test2                          0   of 5  
task29  : test3                          0   of 5  
task29  : test4                          5   of 5  
task29  : test5                          0   of 5  
task29  : test6                          0   of 5  
-------------------------------------------------
CS240 - Midterm 1: emptyLineCount. jandruli Mon Feb 6 11:41:36 EST 2017  Total:  5 of 30



-------------------------------------------------
CS240 Midterm 1: emptyLineCount. jandruli   
Mon Feb  6 11:42:11 EST 2017
-------------------------------------------------
task29  : test1                          5   of 5  
task29  : test2                          5   of 5  
task29  : test3                          5   of 5  
task29  : test4                          5   of 5  
task29  : test5                          5   of 5  
task29  : test6                          5   of 5  
-------------------------------------------------
CS240 - Midterm 1: emptyLineCount. jandruli Mon Feb 6 11:42:11 EST 2017  Total:  30 of 30



-------------------------------------------------
CS240 Midterm 1: emptyLineCount. jandruli   
Tue Feb  7 23:52:41 EST 2017
-------------------------------------------------
task29  : test1                          5   of 5  
task29  : test2                          5   of 5  
task29  : test3                          5   of 5  
task29  : test4                          5   of 5  
task29  : test5                          5   of 5  
task29  : test6                          5   of 5  
-------------------------------------------------
CS240 - Midterm 1: emptyLineCount. jandruli Tue Feb 7 23:52:41 EST 2017  Total:  30 of 30



-------------------------------------------------
CS240 Midterm 1: emptyLineCount. jandruli   
Wed Feb  8 18:17:11 EST 2017
-------------------------------------------------
task29  : test1                          5   of 5  
task29  : test2                          5   of 5  
task29  : test3                          5   of 5  
task29  : test4                          5   of 5  
task29  : test5                          5   of 5  
task29  : test6                          5   of 5  
-------------------------------------------------
CS240 - Midterm 1: emptyLineCount. jandruli Wed Feb 8 18:17:11 EST 2017  Total:  30 of 30



-------------------------------------------------
CS240 Midterm 1: emptyLineCount. jandruli   
Fri Feb 10 09:03:08 EST 2017
-------------------------------------------------
task29  : test1                          5   of 5  
task29  : test2                          5   of 5  
task29  : test3                          5   of 5  
task29  : test4                          5   of 5  
task29  : test5                          5   of 5  
task29  : test6                          5   of 5  
-------------------------------------------------
CS240 - Midterm 1: emptyLineCount. jandruli Fri Feb 10 09:03:08 EST 2017  Total:  30 of 30



-------------------------------------------------
CS240 Midterm 1: emptyLineCount. jandruli   
Fri Feb 10 09:14:39 EST 2017
-------------------------------------------------
task29  : test1                          5   of 5  
task29  : test2                          5   of 5  
task29  : test3                          5   of 5  
task29  : test4                          5   of 5  
task29  : test5                          5   of 5  
task29  : test6                          5   of 5  
-------------------------------------------------
CS240 - Midterm 1: emptyLineCount. jandruli Fri Feb 10 09:14:39 EST 2017  Total:  30 of 30

