CS240: Exam2. cs240 Sun Oct 18 21:19:21 EDT 2015  Total:  0 of 20
0
20
CS240: Exam2. cs240 Sun Oct 18 21:20:20 EDT 2015  Total:  20 of 20
20
20
CS240: Exam2. cs240 Sun Oct 18 21:20:42 EDT 2015  Total:  20 of 20
20
20
CS240: Exam2. cs240 Mon Oct 19 02:25:22 EDT 2015  Total:  20 of 20
20
20
CS240: Exam2. cs240 Mon Oct 19 02:28:29 EDT 2015  Total:  20 of 20
20
20
CS240: Exam2. cs240 Mon Oct 19 04:44:10 EDT 2015  Total:  0 of 20
0
20
CS240: Exam2. cs240 Mon Oct 19 04:44:20 EDT 2015  Total:  0 of 20
0
20
CS240: Exam2. cs240 Mon Oct 19 04:48:00 EDT 2015  Total:  0 of 20
0
20
CS240: Exam2. cs240 Mon Oct 19 04:53:57 EDT 2015  Total:  0 of 20
0
20
CS240: Exam2. cs240 Mon Oct 19 12:58:22 EDT 2015  Total:  0 of 20
0
20
CS240: Exam2. cs240 Mon Mar 6 22:13:35 EST 2017  Total:  0 of 20
0
20
CS240: Exam2. jandruli Thu Mar 23 22:18:25 EDT 2017  Total:  0 of 20
0
20
CS240: Exam2. jandruli Thu Mar 23 22:19:38 EDT 2017  Total:  0 of 20
0
20
CS240: Exam2. jandruli Thu Mar 23 22:20:22 EDT 2017  Total:  0 of 20
0
20
CS240: Exam2. jandruli Thu Mar 23 22:22:07 EDT 2017  Total:  0 of 20
0
20
CS240: Exam2. jandruli Fri Mar 24 00:39:29 EDT 2017  Total:  0 of 20
0
20
CS240: Exam2. jandruli Fri Mar 24 00:39:37 EDT 2017  Total:  0 of 20
0
20
CS240: Exam2. jandruli Fri Mar 24 00:45:08 EDT 2017  Total:  0 of 20
0
20
CS240: Exam2. jandruli Fri Mar 24 00:55:17 EDT 2017  Total:  0 of 20
0
20
CS240: Exam2. jandruli Fri Mar 24 00:55:42 EDT 2017  Total:  0 of 20
0
20
CS240: Exam2. jandruli Fri Mar 24 01:00:05 EDT 2017  Total:  0 of 20
0
20
CS240: Exam2. jandruli Fri Mar 24 01:00:36 EDT 2017  Total:  0 of 20
0
20
CS240: Exam2. jandruli Fri Mar 24 01:00:48 EDT 2017  Total:  0 of 20
0
20
CS240: Exam2. jandruli Fri Mar 24 01:01:49 EDT 2017  Total:  0 of 20
0
20
CS240: Exam2. jandruli Fri Mar 24 01:02:11 EDT 2017  Total:  0 of 20
0
20
CS240: Exam2. jandruli Fri Mar 24 01:02:39 EDT 2017  Total:  0 of 20
0
20
CS240: Exam2. jandruli Fri Mar 24 01:03:31 EDT 2017  Total:  0 of 20
0
20
CS240: Exam2. jandruli Fri Mar 24 01:04:21 EDT 2017  Total:  0 of 20
0
20
CS240: Exam2. jandruli Fri Mar 24 01:07:11 EDT 2017  Total:  0 of 20
0
20
CS240: Exam2. jandruli Fri Mar 24 01:07:38 EDT 2017  Total:  0 of 20
0
20
CS240: Exam2. jandruli Fri Mar 24 01:16:25 EDT 2017  Total:  0 of 20
0
20
CS240: Exam2. jandruli Fri Mar 24 01:16:53 EDT 2017  Total:  0 of 20
0
20
CS240: Exam2. jandruli Fri Mar 24 01:19:30 EDT 2017  Total:  0 of 20
0
20
CS240: Exam2. jandruli Fri Mar 24 01:19:51 EDT 2017  Total:  0 of 20
0
20
CS240: Exam2. jandruli Fri Mar 24 01:19:59 EDT 2017  Total:  0 of 20
0
20
CS240: Exam2. jandruli Fri Mar 24 01:29:33 EDT 2017  Total:  0 of 20
0
20
CS240: Exam2. jandruli Fri Mar 24 01:30:05 EDT 2017  Total:  0 of 20
0
20
CS240: Exam2. jandruli Fri Mar 24 01:30:14 EDT 2017  Total:  0 of 20
0
20
CS240: Exam2. jandruli Fri Mar 24 01:30:58 EDT 2017  Total:  0 of 20
0
20
CS240: Exam2. jandruli Fri Mar 24 01:31:49 EDT 2017  Total:  0 of 20
0
20
CS240: Exam2. jandruli Fri Mar 24 01:32:12 EDT 2017  Total:  0 of 20
0
20
CS240: Exam2. jandruli Fri Mar 24 01:34:06 EDT 2017  Total:  0 of 20
0
20
CS240: Exam2. jandruli Fri Mar 24 01:36:56 EDT 2017  Total:  0 of 20
0
20
CS240: Exam2. jandruli Fri Mar 24 01:37:24 EDT 2017  Total:  0 of 20
0
20
CS240: Exam2. jandruli Fri Mar 24 01:38:02 EDT 2017  Total:  7 of 20
7
20
CS240: Exam2. jandruli Fri Mar 24 01:45:47 EDT 2017  Total:  7 of 20
7
20
CS240: Exam2. jandruli Fri Mar 24 01:47:14 EDT 2017  Total:  7 of 20
7
20
CS240: Exam2. jandruli Fri Mar 24 01:47:47 EDT 2017  Total:  7 of 20
7
20
CS240: Exam2. jandruli Fri Mar 24 01:48:52 EDT 2017  Total:  7 of 20
7
20
CS240: Exam2. jandruli Fri Mar 24 01:49:25 EDT 2017  Total:  7 of 20
7
20
CS240: Exam2. jandruli Fri Mar 24 01:51:16 EDT 2017  Total:  7 of 20
7
20
CS240: Exam2. jandruli Fri Mar 24 01:51:41 EDT 2017  Total:  7 of 20
7
20
CS240: Exam2. jandruli Fri Mar 24 01:51:55 EDT 2017  Total:  7 of 20
7
20
CS240: Exam2. jandruli Fri Mar 24 01:52:15 EDT 2017  Total:  7 of 20
7
20
CS240: Exam2. jandruli Fri Mar 24 01:53:00 EDT 2017  Total:  7 of 20
7
20
CS240: Exam2. jandruli Fri Mar 24 01:53:44 EDT 2017  Total:  7 of 20
7
20
CS240: Exam2. jandruli Fri Mar 24 01:54:46 EDT 2017  Total:  7 of 20
7
20
CS240: Exam2. jandruli Fri Mar 24 01:57:42 EDT 2017  Total:  7 of 20
7
20
CS240: Exam2. jandruli Fri Mar 24 01:59:08 EDT 2017  Total:  7 of 20
7
20
CS240: Exam2. jandruli Fri Mar 24 01:59:19 EDT 2017  Total:  7 of 20
7
20
CS240: Exam2. jandruli Fri Mar 24 01:59:48 EDT 2017  Total:  7 of 20
7
20
CS240: Exam2. jandruli Fri Mar 24 02:00:04 EDT 2017  Total:  7 of 20
7
20
CS240: Exam2. jandruli Fri Mar 24 02:00:49 EDT 2017  Total:  7 of 20
7
20
CS240: Exam2. jandruli Fri Mar 24 02:01:20 EDT 2017  Total:  7 of 20
7
20
CS240: Exam2. jandruli Fri Mar 24 02:01:48 EDT 2017  Total:  7 of 20
7
20
CS240: Exam2. jandruli Fri Mar 24 02:02:50 EDT 2017  Total:  7 of 20
7
20
CS240: Exam2. jandruli Fri Mar 24 02:03:43 EDT 2017  Total:  7 of 20
7
20
CS240: Exam2. jandruli Fri Mar 24 02:04:56 EDT 2017  Total:  20 of 20
20
20
CS240: Exam2. jandruli Fri Mar 24 02:05:11 EDT 2017  Total:  20 of 20
20
20
