CS240: lab6. cs240 Tue Mar 31 00:09:52 EDT 2015  Total:  0 of 12

CS240: lab6. cs240 Tue Mar 31 00:10:08 EDT 2015  Total:  12 of 12

CS240: lab6. cs240 Tue Mar 31 00:11:07 EDT 2015  Total:  0 of 12

CS240: lab6. cs240 Tue Mar 31 00:11:39 EDT 2015  Total:  0 of 12

CS240: lab6. cs240 Tue Mar 31 00:13:58 EDT 2015  Total:  0 of 12

CS240: lab6. cs240 Mon Apr 13 14:14:57 EDT 2015  Total:  0 of 62

CS240: lab10. cs240 Sun Apr 2 19:37:56 EDT 2017  Total:  0 of 50

CS240: lab10. cs240 Sun Apr 2 19:40:33 EDT 2017  Total:  0 of 50

CS240: lab10. jandruli Thu Apr 13 22:11:32 EDT 2017  Total:  0 of 50

CS240: lab10. jandruli Fri Apr 14 03:42:44 EDT 2017  Total:  0 of 50

CS240: lab10. jandruli Fri Apr 14 03:51:27 EDT 2017  Total:  0 of 50

CS240: lab10. jandruli Fri Apr 14 03:54:37 EDT 2017  Total:  5 of 50

CS240: lab10. jandruli Fri Apr 14 04:04:35 EDT 2017  Total:  15 of 50

CS240: lab10. jandruli Fri Apr 14 04:11:20 EDT 2017  Total:  20 of 50

CS240: lab10. jandruli Fri Apr 14 04:38:04 EDT 2017  Total:  30 of 50

CS240: lab10. jandruli Fri Apr 14 04:58:13 EDT 2017  Total:  30 of 50

CS240: lab10. jandruli Fri Apr 14 05:01:36 EDT 2017  Total:  30 of 50

CS240: lab10. jandruli Fri Apr 14 05:07:26 EDT 2017  Total:  0 of 50

CS240: lab10. jandruli Fri Apr 14 05:09:10 EDT 2017  Total:  35 of 50

CS240: lab10. jandruli Fri Apr 14 05:13:21 EDT 2017  Total:  40 of 50

CS240: lab10. jandruli Fri Apr 14 05:17:20 EDT 2017  Total:  45 of 50

CS240: lab10. jandruli Fri Apr 14 05:20:13 EDT 2017  Total:  50 of 50

CS240: lab10. jandruli Fri Apr 14 09:32:51 EDT 2017  Total:  50 of 50

CS240: lab10. jandruli Fri Apr 14 09:40:02 EDT 2017  Total:  50 of 50

CS240: lab10. jandruli Fri Apr 14 09:51:18 EDT 2017  Total:  50 of 50

CS240: lab10. jandruli Fri Apr 14 10:17:39 EDT 2017  Total:  0 of 50

CS240: lab10. jandruli Fri Apr 14 10:22:31 EDT 2017  Total:  50 of 50

CS240: lab10. jandruli Fri Apr 21 09:50:27 EDT 2017  Total:  50 of 50

CS240: lab10. jandruli Fri Apr 28 03:24:47 EDT 2017  Total:  50 of 50

CS240: lab10. jandruli Fri Apr 28 05:41:14 EDT 2017  Total:  50 of 50

CS240: lab10. jandruli Fri Apr 28 05:54:53 EDT 2017  Total:  35 of 50

CS240: lab10. jandruli Fri Apr 28 05:56:46 EDT 2017  Total:  50 of 50

CS240: lab10. jandruli Fri Apr 28 06:27:49 EDT 2017  Total:  50 of 50

CS240: lab10. jandruli Fri Apr 28 07:10:53 EDT 2017  Total:  50 of 50

CS240: lab10. jandruli Fri Apr 28 09:35:38 EDT 2017  Total:  50 of 50

