CS240: Exam2. pheldrin Thu Oct 15 21:29:55 EDT 2015  Total:  0 of 16
0
16
CS240: Exam2. pheldrin Thu Oct 15 21:30:09 EDT 2015  Total:  0 of 24
0
24
CS240: Exam2. pheldrin Thu Oct 15 21:41:39 EDT 2015  Total:  0 of 24
0
24
CS240: Exam2. pheldrin Thu Oct 15 21:42:30 EDT 2015  Total:  24 of 24
24
24
CS240: Exam2. pheldrin Thu Oct 15 21:44:20 EDT 2015  Total:  24 of 24
24
24
CS240: Exam2. pheldrin Thu Oct 15 21:49:11 EDT 2015  Total:  24 of 24
24
24
CS240: Exam2. pheldrin Thu Oct 15 21:49:42 EDT 2015  Total:  24 of 24
24
24
CS240: Exam2. pheldrin Thu Oct 15 21:51:26 EDT 2015  Total:  24 of 24
24
24
CS240: Exam2. pheldrin Thu Oct 15 21:51:59 EDT 2015  Total:  24 of 24
24
24
CS240: Exam2. pheldrin Thu Oct 15 21:53:28 EDT 2015  Total:  24 of 24
24
24
CS240: Exam2. pheldrin Thu Oct 15 21:56:52 EDT 2015  Total:  24 of 24
24
24
CS240: Exam2. pheldrin Fri Oct 16 02:36:21 EDT 2015  Total:  24 of 24
24
24
CS240: Exam2. pheldrin Sun Oct 18 00:27:35 EDT 2015  Total:  24 of 24
24
24
CS240: Exam2. pheldrin Sun Oct 18 19:29:30 EDT 2015  Total:  24 of 24
24
24
CS240: Exam2. pheldrin Sun Oct 18 19:33:00 EDT 2015  Total:  24 of 24
24
24
CS240: Exam2. pheldrin Sun Oct 18 19:39:34 EDT 2015  Total:  24 of 24
24
24
CS240: Exam2. pheldrin Sun Oct 18 19:41:04 EDT 2015  Total:  24 of 24
24
24
CS240: Exam2. pheldrin Mon Oct 19 00:08:21 EDT 2015  Total:  24 of 24
24
24
CS240: Exam2. cs240 Mon Oct 19 02:25:22 EDT 2015  Total:  24 of 24
24
24
CS240: Exam2. cs240 Mon Oct 19 02:26:33 EDT 2015  Total:  28 of 28
28
28
CS240: Exam2. cs240 Mon Oct 19 02:26:46 EDT 2015  Total:  30 of 30
30
30
CS240: Exam2. cs240 Mon Oct 19 02:28:28 EDT 2015  Total:  30 of 30
30
30
CS240: Exam2. cs240 Mon Oct 19 04:42:09 EDT 2015  Total:  0 of 30
0
30
CS240: Exam2. cs240 Mon Oct 19 04:44:19 EDT 2015  Total:  0 of 30
0
30
CS240: Exam2. cs240 Mon Oct 19 04:48:00 EDT 2015  Total:  0 of 30
0
30
CS240: Exam2. cs240 Mon Oct 19 04:53:56 EDT 2015  Total:  0 of 30
0
30
CS240: Exam2. cs240 Mon Oct 19 12:58:00 EDT 2015  Total:  0 of 30
0
30
CS240: Exam2. cs240 Mon Mar 6 22:13:34 EST 2017  Total:  0 of 30
0
30
CS240: Exam2. jandruli Thu Mar 23 11:15:25 EDT 2017  Total:  0 of 30
0
30
CS240: Exam2. jandruli Thu Mar 23 11:20:25 EDT 2017  Total:  0 of 30
0
30
CS240: Exam2. jandruli Thu Mar 23 11:24:04 EDT 2017  Total:  0 of 30
0
30
CS240: Exam2. jandruli Thu Mar 23 11:24:25 EDT 2017  Total:  0 of 30
0
30
CS240: Exam2. jandruli Thu Mar 23 11:25:21 EDT 2017  Total:  0 of 30
0
30
CS240: Exam2. jandruli Thu Mar 23 11:26:18 EDT 2017  Total:  0 of 30
0
30
CS240: Exam2. jandruli Thu Mar 23 11:26:59 EDT 2017  Total:  0 of 30
0
30
CS240: Exam2. jandruli Thu Mar 23 11:34:35 EDT 2017  Total:  0 of 30
0
30
CS240: Exam2. jandruli Thu Mar 23 11:35:26 EDT 2017  Total:  0 of 30
0
30
CS240: Exam2. jandruli Thu Mar 23 11:38:25 EDT 2017  Total:  0 of 30
0
30
CS240: Exam2. jandruli Thu Mar 23 11:39:05 EDT 2017  Total:  0 of 30
0
30
CS240: Exam2. jandruli Thu Mar 23 11:39:52 EDT 2017  Total:  0 of 30
0
30
CS240: Exam2. jandruli Thu Mar 23 11:40:19 EDT 2017  Total:  0 of 30
0
30
CS240: Exam2. jandruli Thu Mar 23 11:41:32 EDT 2017  Total:  0 of 30
0
30
CS240: Exam2. jandruli Thu Mar 23 11:42:32 EDT 2017  Total:  0 of 30
0
30
CS240: Exam2. jandruli Thu Mar 23 11:42:42 EDT 2017  Total:  0 of 30
0
30
CS240: Exam2. jandruli Thu Mar 23 11:43:02 EDT 2017  Total:  0 of 30
0
30
CS240: Exam2. jandruli Thu Mar 23 11:43:21 EDT 2017  Total:  0 of 30
0
30
CS240: Exam2. jandruli Thu Mar 23 11:43:44 EDT 2017  Total:  0 of 30
0
30
CS240: Exam2. jandruli Thu Mar 23 11:44:29 EDT 2017  Total:  0 of 30
0
30
CS240: Exam2. jandruli Thu Mar 23 11:44:52 EDT 2017  Total:  0 of 30
0
30
CS240: Exam2. jandruli Thu Mar 23 11:45:23 EDT 2017  Total:  0 of 30
0
30
CS240: Exam2. jandruli Thu Mar 23 22:26:18 EDT 2017  Total:  0 of 30
0
30
CS240: Exam2. jandruli Thu Mar 23 22:27:29 EDT 2017  Total:  0 of 30
0
30
CS240: Exam2. jandruli Thu Mar 23 23:18:09 EDT 2017  Total:  0 of 30
0
30
CS240: Exam2. jandruli Thu Mar 23 23:36:51 EDT 2017  Total:  0 of 30
0
30
CS240: Exam2. jandruli Thu Mar 23 23:37:02 EDT 2017  Total:  0 of 30
0
30
CS240: Exam2. jandruli Thu Mar 23 23:38:41 EDT 2017  Total:  0 of 30
0
30
CS240: Exam2. jandruli Thu Mar 23 23:39:09 EDT 2017  Total:  0 of 30
0
30
CS240: Exam2. jandruli Thu Mar 23 23:39:54 EDT 2017  Total:  0 of 30
0
30
CS240: Exam2. jandruli Thu Mar 23 23:44:44 EDT 2017  Total:  0 of 30
0
30
CS240: Exam2. jandruli Thu Mar 23 23:45:59 EDT 2017  Total:  0 of 30
0
30
CS240: Exam2. jandruli Thu Mar 23 23:46:23 EDT 2017  Total:  0 of 30
0
30
CS240: Exam2. jandruli Thu Mar 23 23:48:48 EDT 2017  Total:  0 of 30
0
30
CS240: Exam2. jandruli Thu Mar 23 23:50:49 EDT 2017  Total:  0 of 30
0
30
CS240: Exam2. jandruli Thu Mar 23 23:51:13 EDT 2017  Total:  0 of 30
0
30
CS240: Exam2. jandruli Thu Mar 23 23:51:47 EDT 2017  Total:  0 of 30
0
30
CS240: Exam2. jandruli Thu Mar 23 23:52:15 EDT 2017  Total:  7 of 30
7
30
CS240: Exam2. jandruli Thu Mar 23 23:53:09 EDT 2017  Total:  0 of 30
0
30
CS240: Exam2. jandruli Thu Mar 23 23:53:35 EDT 2017  Total:  0 of 30
0
30
CS240: Exam2. jandruli Thu Mar 23 23:55:06 EDT 2017  Total:  0 of 30
0
30
CS240: Exam2. jandruli Thu Mar 23 23:55:22 EDT 2017  Total:  7 of 30
7
30
CS240: Exam2. jandruli Thu Mar 23 23:56:25 EDT 2017  Total:  7 of 30
7
30
CS240: Exam2. jandruli Thu Mar 23 23:57:03 EDT 2017  Total:  7 of 30
7
30
CS240: Exam2. jandruli Thu Mar 23 23:57:28 EDT 2017  Total:  7 of 30
7
30
CS240: Exam2. jandruli Thu Mar 23 23:58:19 EDT 2017  Total:  7 of 30
7
30
CS240: Exam2. jandruli Thu Mar 23 23:58:55 EDT 2017  Total:  7 of 30
7
30
CS240: Exam2. jandruli Thu Mar 23 23:59:16 EDT 2017  Total:  7 of 30
7
30
CS240: Exam2. jandruli Thu Mar 23 23:59:39 EDT 2017  Total:  7 of 30
7
30
CS240: Exam2. jandruli Fri Mar 24 00:17:31 EDT 2017  Total:  7 of 30
7
30
CS240: Exam2. jandruli Fri Mar 24 00:20:04 EDT 2017  Total:  7 of 30
7
30
CS240: Exam2. jandruli Fri Mar 24 00:21:37 EDT 2017  Total:  14 of 30
14
30
CS240: Exam2. jandruli Fri Mar 24 00:22:22 EDT 2017  Total:  22 of 30
22
30
CS240: Exam2. jandruli Fri Mar 24 00:27:22 EDT 2017  Total:  30 of 30
30
30
CS240: Exam2. jandruli Fri Mar 24 00:39:28 EDT 2017  Total:  30 of 30
30
30
CS240: Exam2. jandruli Fri Mar 24 02:05:10 EDT 2017  Total:  30 of 30
30
30
