CS240: lab6. cs240 Sun Feb 19 22:56:05 EST 2017  Total:  6 of 36

CS240: lab6. jandruli Fri Feb 24 09:56:29 EST 2017  Total:  6 of 36

CS240: lab6. jandruli Fri Feb 24 10:04:24 EST 2017  Total:  9 of 36

CS240: lab6. jandruli Fri Feb 24 10:07:38 EST 2017  Total:  9 of 36

CS240: lab6. jandruli Fri Feb 24 10:09:59 EST 2017  Total:  9 of 36

CS240: lab6. jandruli Fri Feb 24 10:10:39 EST 2017  Total:  9 of 36

CS240: lab6. jandruli Fri Feb 24 10:12:11 EST 2017  Total:  9 of 36

CS240: lab6. jandruli Fri Feb 24 10:14:05 EST 2017  Total:  9 of 36

CS240: lab6. jandruli Fri Feb 24 10:18:10 EST 2017  Total:  12 of 36

CS240: lab6. jandruli Fri Feb 24 10:19:41 EST 2017  Total:  15 of 36

CS240: lab6. jandruli Fri Feb 24 10:20:40 EST 2017  Total:  15 of 36

CS240: lab6. jandruli Fri Feb 24 10:23:08 EST 2017  Total:  15 of 36

CS240: lab6. jandruli Fri Feb 24 10:32:30 EST 2017  Total:  15 of 36

CS240: lab6. jandruli Fri Feb 24 10:32:31 EST 2017  Total:  15 of 36

CS240: lab6. jandruli Fri Feb 24 10:32:32 EST 2017  Total:  15 of 36

CS240: lab6. jandruli Fri Feb 24 10:32:34 EST 2017  Total:  15 of 36

CS240: lab6. jandruli Fri Feb 24 10:32:34 EST 2017  Total:  15 of 36

CS240: lab6. jandruli Fri Feb 24 10:32:35 EST 2017  Total:  15 of 36

CS240: lab6. jandruli Fri Feb 24 10:32:35 EST 2017  Total:  15 of 36

CS240: lab6. jandruli Fri Feb 24 10:32:36 EST 2017  Total:  15 of 36

CS240: lab6. jandruli Fri Feb 24 10:32:36 EST 2017  Total:  15 of 36

CS240: lab6. jandruli Fri Feb 24 10:32:37 EST 2017  Total:  15 of 36

CS240: lab6. jandruli Fri Feb 24 10:32:37 EST 2017  Total:  15 of 36

CS240: lab6. jandruli Fri Feb 24 10:32:37 EST 2017  Total:  15 of 36

CS240: lab6. jandruli Fri Feb 24 10:32:59 EST 2017  Total:  15 of 36

CS240: lab6. jandruli Fri Feb 24 10:34:13 EST 2017  Total:  15 of 36

CS240: lab6. jandruli Fri Feb 24 10:35:39 EST 2017  Total:  18 of 36

CS240: lab6. jandruli Fri Feb 24 10:35:58 EST 2017  Total:  21 of 36

CS240: lab6. jandruli Fri Feb 24 10:39:20 EST 2017  Total:  21 of 36

CS240: lab6. jandruli Fri Feb 24 10:39:44 EST 2017  Total:  21 of 36

CS240: lab6. jandruli Fri Feb 24 10:40:41 EST 2017  Total:  21 of 36

CS240: lab6. jandruli Fri Feb 24 10:41:36 EST 2017  Total:  21 of 36

CS240: lab6. jandruli Fri Feb 24 10:43:08 EST 2017  Total:  21 of 36

CS240: lab6. jandruli Fri Feb 24 10:43:30 EST 2017  Total:  21 of 36

CS240: lab6. jandruli Fri Feb 24 10:44:07 EST 2017  Total:  21 of 36

CS240: lab6. jandruli Fri Feb 24 10:48:40 EST 2017  Total:  21 of 36

CS240: lab6. jandruli Fri Feb 24 10:50:02 EST 2017  Total:  21 of 36

CS240: lab6. jandruli Fri Feb 24 10:50:37 EST 2017  Total:  21 of 36

CS240: lab6. jandruli Fri Feb 24 10:51:33 EST 2017  Total:  21 of 36

CS240: lab6. jandruli Fri Feb 24 10:53:06 EST 2017  Total:  21 of 36

CS240: lab6. jandruli Fri Feb 24 10:55:15 EST 2017  Total:  24 of 36

CS240: lab6. jandruli Fri Feb 24 11:01:51 EST 2017  Total:  24 of 36

CS240: lab6. jandruli Sun Feb 26 17:20:42 EST 2017  Total:  24 of 36

CS240: lab6. jandruli Thu Mar 2 22:59:53 EST 2017  Total:  24 of 36

CS240: lab6. jandruli Thu Mar 2 23:03:56 EST 2017  Total:  24 of 36

CS240: lab6. jandruli Thu Mar 2 23:05:41 EST 2017  Total:  24 of 36

CS240: lab6. jandruli Thu Mar 2 23:05:59 EST 2017  Total:  24 of 36

CS240: lab6. jandruli Thu Mar 2 23:08:29 EST 2017  Total:  27 of 36

CS240: lab6. jandruli Thu Mar 2 23:11:46 EST 2017  Total:  27 of 36

CS240: lab6. jandruli Thu Mar 2 23:12:18 EST 2017  Total:  27 of 36

CS240: lab6. jandruli Thu Mar 2 23:13:04 EST 2017  Total:  27 of 36

CS240: lab6. jandruli Thu Mar 2 23:13:57 EST 2017  Total:  27 of 36

CS240: lab6. jandruli Thu Mar 2 23:15:02 EST 2017  Total:  27 of 36

CS240: lab6. jandruli Thu Mar 2 23:16:14 EST 2017  Total:  27 of 36

CS240: lab6. jandruli Thu Mar 2 23:21:20 EST 2017  Total:  27 of 36

CS240: lab6. jandruli Thu Mar 2 23:22:55 EST 2017  Total:  27 of 36

CS240: lab6. jandruli Thu Mar 2 23:24:09 EST 2017  Total:  27 of 36

CS240: lab6. jandruli Thu Mar 2 23:24:43 EST 2017  Total:  27 of 36

CS240: lab6. jandruli Thu Mar 2 23:26:41 EST 2017  Total:  27 of 36

CS240: lab6. jandruli Thu Mar 2 23:27:25 EST 2017  Total:  27 of 36

CS240: lab6. jandruli Thu Mar 2 23:32:02 EST 2017  Total:  27 of 36

CS240: lab6. jandruli Thu Mar 2 23:33:05 EST 2017  Total:  27 of 36

CS240: lab6. jandruli Thu Mar 2 23:34:46 EST 2017  Total:  27 of 36

CS240: lab6. jandruli Thu Mar 2 23:35:19 EST 2017  Total:  27 of 36

CS240: lab6. jandruli Thu Mar 2 23:35:43 EST 2017  Total:  27 of 36

CS240: lab6. jandruli Thu Mar 2 23:36:07 EST 2017  Total:  27 of 36

CS240: lab6. jandruli Thu Mar 2 23:36:26 EST 2017  Total:  27 of 36

CS240: lab6. jandruli Thu Mar 2 23:36:56 EST 2017  Total:  27 of 36

CS240: lab6. jandruli Thu Mar 2 23:38:31 EST 2017  Total:  27 of 36

CS240: lab6. jandruli Thu Mar 2 23:39:04 EST 2017  Total:  27 of 36

CS240: lab6. jandruli Thu Mar 2 23:41:02 EST 2017  Total:  27 of 36

CS240: lab6. jandruli Thu Mar 2 23:42:18 EST 2017  Total:  27 of 36

CS240: lab6. jandruli Thu Mar 2 23:42:55 EST 2017  Total:  27 of 36

CS240: lab6. jandruli Thu Mar 2 23:43:07 EST 2017  Total:  27 of 36

CS240: lab6. jandruli Thu Mar 2 23:44:47 EST 2017  Total:  27 of 36

CS240: lab6. jandruli Thu Mar 2 23:45:07 EST 2017  Total:  27 of 36

CS240: lab6. jandruli Thu Mar 2 23:45:24 EST 2017  Total:  27 of 36

CS240: lab6. jandruli Thu Mar 2 23:45:27 EST 2017  Total:  27 of 36

CS240: lab6. jandruli Thu Mar 2 23:47:51 EST 2017  Total:  27 of 36

CS240: lab6. jandruli Thu Mar 2 23:48:04 EST 2017  Total:  27 of 36

CS240: lab6. jandruli Thu Mar 2 23:48:21 EST 2017  Total:  27 of 36

CS240: lab6. jandruli Thu Mar 2 23:54:13 EST 2017  Total:  27 of 36

CS240: lab6. jandruli Thu Mar 2 23:55:42 EST 2017  Total:  27 of 36

CS240: lab6. jandruli Fri Mar 3 00:01:21 EST 2017  Total:  27 of 36

CS240: lab6. jandruli Fri Mar 3 00:04:03 EST 2017  Total:  27 of 36

CS240: lab6. jandruli Fri Mar 3 00:05:24 EST 2017  Total:  27 of 36

CS240: lab6. jandruli Fri Mar 3 00:05:40 EST 2017  Total:  27 of 36

CS240: lab6. jandruli Fri Mar 3 00:10:00 EST 2017  Total:  27 of 36

CS240: lab6. jandruli Fri Mar 3 00:12:03 EST 2017  Total:  27 of 36

CS240: lab6. jandruli Fri Mar 3 00:12:10 EST 2017  Total:  27 of 36

CS240: lab6. jandruli Fri Mar 3 00:13:43 EST 2017  Total:  27 of 36

CS240: lab6. jandruli Fri Mar 3 00:15:09 EST 2017  Total:  27 of 36

CS240: lab6. jandruli Fri Mar 3 00:16:16 EST 2017  Total:  27 of 36

CS240: lab6. jandruli Fri Mar 3 00:19:58 EST 2017  Total:  27 of 36

CS240: lab6. jandruli Fri Mar 3 00:35:38 EST 2017  Total:  27 of 36

CS240: lab6. jandruli Fri Mar 3 00:36:24 EST 2017  Total:  27 of 36

CS240: lab6. jandruli Fri Mar 3 00:36:42 EST 2017  Total:  27 of 36

CS240: lab6. jandruli Fri Mar 3 00:37:46 EST 2017  Total:  27 of 36

CS240: lab6. jandruli Fri Mar 3 00:38:25 EST 2017  Total:  27 of 36

CS240: lab6. jandruli Fri Mar 3 00:39:00 EST 2017  Total:  27 of 36

CS240: lab6. jandruli Fri Mar 3 00:40:04 EST 2017  Total:  27 of 36

CS240: lab6. jandruli Fri Mar 3 00:40:22 EST 2017  Total:  27 of 36

CS240: lab6. jandruli Fri Mar 3 00:41:54 EST 2017  Total:  27 of 36

CS240: lab6. jandruli Fri Mar 3 00:42:34 EST 2017  Total:  27 of 36

CS240: lab6. jandruli Fri Mar 3 00:44:16 EST 2017  Total:  27 of 36

CS240: lab6. jandruli Fri Mar 3 00:45:41 EST 2017  Total:  27 of 36

CS240: lab6. jandruli Fri Mar 3 00:46:33 EST 2017  Total:  27 of 36

CS240: lab6. jandruli Fri Mar 3 00:46:46 EST 2017  Total:  27 of 36

CS240: lab6. jandruli Fri Mar 3 00:48:00 EST 2017  Total:  30 of 36

CS240: lab6. jandruli Fri Mar 3 00:49:12 EST 2017  Total:  30 of 36

CS240: lab6. jandruli Fri Mar 3 00:49:48 EST 2017  Total:  30 of 36

CS240: lab6. jandruli Fri Mar 3 00:50:03 EST 2017  Total:  33 of 36

CS240: lab6. jandruli Fri Mar 3 00:55:47 EST 2017  Total:  33 of 36

CS240: lab6. jandruli Fri Mar 3 00:55:56 EST 2017  Total:  33 of 36

CS240: lab6. jandruli Fri Mar 3 00:56:28 EST 2017  Total:  33 of 36

CS240: lab6. jandruli Fri Mar 3 01:04:48 EST 2017  Total:  33 of 36

CS240: lab6. jandruli Fri Mar 3 01:05:34 EST 2017  Total:  33 of 36

CS240: lab6. jandruli Fri Mar 3 01:06:06 EST 2017  Total:  33 of 36

CS240: lab6. jandruli Fri Mar 3 01:06:32 EST 2017  Total:  33 of 36

CS240: lab6. jandruli Fri Mar 3 01:16:54 EST 2017  Total:  33 of 36

CS240: lab6. jandruli Fri Mar 3 01:17:40 EST 2017  Total:  33 of 36

CS240: lab6. jandruli Fri Mar 3 01:17:55 EST 2017  Total:  33 of 36

CS240: lab6. jandruli Fri Mar 3 01:18:25 EST 2017  Total:  33 of 36

CS240: lab6. jandruli Fri Mar 3 01:18:31 EST 2017  Total:  33 of 36

CS240: lab6. jandruli Fri Mar 3 01:18:32 EST 2017  Total:  33 of 36

CS240: lab6. jandruli Fri Mar 3 01:18:39 EST 2017  Total:  33 of 36

CS240: lab6. jandruli Fri Mar 3 01:20:43 EST 2017  Total:  33 of 36

CS240: lab6. jandruli Fri Mar 3 01:20:51 EST 2017  Total:  33 of 36

CS240: lab6. jandruli Fri Mar 3 01:23:35 EST 2017  Total:  33 of 36

CS240: lab6. jandruli Fri Mar 3 01:24:06 EST 2017  Total:  33 of 36

CS240: lab6. jandruli Fri Mar 3 01:24:26 EST 2017  Total:  33 of 36

CS240: lab6. jandruli Fri Mar 3 01:25:28 EST 2017  Total:  33 of 36

CS240: lab6. jandruli Fri Mar 3 01:26:51 EST 2017  Total:  33 of 36

CS240: lab6. jandruli Fri Mar 3 01:29:02 EST 2017  Total:  33 of 36

CS240: lab6. jandruli Fri Mar 3 01:29:24 EST 2017  Total:  33 of 36

CS240: lab6. jandruli Fri Mar 3 01:30:07 EST 2017  Total:  33 of 36

CS240: lab6. jandruli Fri Mar 3 01:30:43 EST 2017  Total:  33 of 36

CS240: lab6. jandruli Fri Mar 3 01:33:03 EST 2017  Total:  33 of 36

CS240: lab6. jandruli Fri Mar 3 01:33:24 EST 2017  Total:  33 of 36

CS240: lab6. jandruli Fri Mar 3 01:34:50 EST 2017  Total:  33 of 36

CS240: lab6. jandruli Fri Mar 3 01:37:17 EST 2017  Total:  33 of 36

CS240: lab6. jandruli Fri Mar 3 01:38:36 EST 2017  Total:  36 of 36

CS240: lab6. jandruli Fri Mar 3 09:24:28 EST 2017  Total:  36 of 36

CS240: lab6. jandruli Fri Mar 3 09:24:30 EST 2017  Total:  36 of 36

CS240: lab6. jandruli Fri Mar 3 09:24:34 EST 2017  Total:  36 of 36

CS240: lab6. jandruli Fri Mar 3 09:24:36 EST 2017  Total:  36 of 36

CS240: lab6. jandruli Fri Mar 3 09:24:51 EST 2017  Total:  36 of 36

CS240: lab6. jandruli Fri Mar 3 09:42:53 EST 2017  Total:  36 of 36

CS240: lab6. jandruli Thu Mar 9 21:26:17 EST 2017  Total:  36 of 36

CS240: lab6. jandruli Thu Mar 9 22:07:35 EST 2017  Total:  36 of 36

CS240: lab6. jandruli Fri Mar 10 09:10:19 EST 2017  Total:  36 of 36

CS240: lab6. jandruli Fri Mar 10 10:06:52 EST 2017  Total:  36 of 36

