

-------------------------------------------------
CS240 Midterm 1: censorWord. ifransig   
Tue Feb 23 16:21:05 EST 2016
-------------------------------------------------
-------------------------------------------------
CS240 - Midterm 1: censorWord. ifransig Tue Feb 23 16:21:05 EST 2016  Total:  0 of 50



-------------------------------------------------
CS240 Midterm 1: censorWord. ifransig   
Tue Feb 23 16:39:01 EST 2016
-------------------------------------------------
-------------------------------------------------
CS240 - Midterm 1: censorWord. ifransig Tue Feb 23 16:39:01 EST 2016  Total:  0 of 50



-------------------------------------------------
CS240 Midterm 1: censorWord. cs240   
Mon Jan 30 22:27:00 EST 2017
-------------------------------------------------
task33 "A A A AA" "A"               : 0   of 5  
task33 "O o AA" "o"                 : 0   of 5  
task33 "1231123" "1"                : 5   of 5  
task33 "A B C D A B C D" "C"        : 0   of 5  
task33 "Hello world" "world"        : 0   of 5  
task33 "Hello hEllo HELLO HellO hello_world" "HellO" : 0   of 5  
task33 "What is the word for censor word function" "word" : 0   of 5  
task33 "Yet another compiler compiler is called YACC" "compiler" : 0   of 5  
task33 "Do not trouble trouble until trouble troubles you" "troubles" : 0   of 5  
task33 "Do not trouble trouble until trouble troubles you" "Troubles" : 5   of 5  
-------------------------------------------------
CS240 - Midterm 1: censorWord. cs240 Mon Jan 30 22:27:00 EST 2017  Total:  10 of 50



-------------------------------------------------
CS240 Midterm 1: censorWord. cs240   
Mon Jan 30 22:27:44 EST 2017
-------------------------------------------------
task33 "A A A AA" "A"               : 0   of 5  
task33 "O o AA" "o"                 : 0   of 5  
task33 "1231123" "1"                : 5   of 5  
task33 "A B C D A B C D" "C"        : 0   of 5  
task33 "Hello world" "world"        : 0   of 5  
task33 "Hello hEllo HELLO HellO hello_world" "HellO" : 0   of 5  
task33 "What is the word for censor word function" "word" : 0   of 5  
task33 "Yet another compiler compiler is called YACC" "compiler" : 0   of 5  
task33 "Do not trouble trouble until trouble troubles you" "troubles" : 0   of 5  
task33 "Do not trouble trouble until trouble troubles you" "Troubles" : 5   of 5  
-------------------------------------------------
CS240 - Midterm 1: censorWord. cs240 Mon Jan 30 22:27:44 EST 2017  Total:  10 of 50



-------------------------------------------------
CS240 Midterm 1: censorWord. cs240   
Mon Jan 30 22:30:35 EST 2017
-------------------------------------------------
task33 "A A A AA" "A"               : 0   of 5  
task33 "O o AA" "o"                 : 0   of 5  
task33 "1231123" "1"                : 5   of 5  
task33 "A B C D A B C D" "C"        : 0   of 5  
task33 "Hello world" "world"        : 0   of 5  
task33 "Hello hEllo HELLO HellO hello_world" "HellO" : 0   of 5  
task33 "What is the word for censor word function" "word" : 0   of 5  
task33 "Yet another compiler compiler is called YACC" "compiler" : 0   of 5  
task33 "Do not trouble trouble until trouble troubles you" "troubles" : 0   of 5  
task33 "Do not trouble trouble until trouble troubles you" "Troubles" : 5   of 5  
-------------------------------------------------
CS240 - Midterm 1: censorWord. cs240 Mon Jan 30 22:30:35 EST 2017  Total:  10 of 50



-------------------------------------------------
CS240 Midterm 1: censorWord. cs240   
Mon Jan 30 22:37:46 EST 2017
-------------------------------------------------
task33 "A A A AA" "A"               : 0   of 5  
task33 "O o AA" "o"                 : 0   of 5  
task33 "1231123" "1"                : 5   of 5  
task33 "A B C D A B C D" "C"        : 0   of 5  
task33 "Hello world" "world"        : 0   of 5  
task33 "Hello hEllo HELLO HellO hello_world" "HellO" : 0   of 5  
task33 "What is the word for censor word function" "word" : 0   of 5  
task33 "Yet another compiler compiler is called YACC" "compiler" : 0   of 5  
task33 "Do not trouble trouble until trouble troubles you" "troubles" : 0   of 5  
task33 "Do not trouble trouble until trouble troubles you" "Troubles" : 5   of 5  
-------------------------------------------------
CS240 - Midterm 1: censorWord. cs240 Mon Jan 30 22:37:46 EST 2017  Total:  10 of 50



-------------------------------------------------
CS240 Midterm 1: censorWord. cs240   
Mon Jan 30 22:40:44 EST 2017
-------------------------------------------------
task33 "A A A AA" "A"               : 0   of 5  
task33 "O o AA" "o"                 : 0   of 5  
task33 "1231123" "1"                : 5   of 5  
task33 "A B C D A B C D" "C"        : 0   of 5  
task33 "Hello world" "world"        : 0   of 5  
task33 "Hello hEllo HELLO HellO hello_world" "HellO" : 0   of 5  
task33 "What is the word for censor word function" "word" : 0   of 5  
task33 "Yet another compiler compiler is called YACC" "compiler" : 0   of 5  
task33 "Do not trouble trouble until trouble troubles you" "troubles" : 0   of 5  
task33 "Do not trouble trouble until trouble troubles you" "Troubles" : 5   of 5  
-------------------------------------------------
CS240 - Midterm 1: censorWord. cs240 Mon Jan 30 22:40:44 EST 2017  Total:  10 of 50



-------------------------------------------------
CS240 Midterm 1: censorWord. cs240   
Mon Jan 30 22:41:12 EST 2017
-------------------------------------------------
task33 "A A A AA" "A"               : 0   of 5  
task33 "O o AA" "o"                 : 0   of 5  
task33 "1231123" "1"                : 5   of 5  
task33 "A B C D A B C D" "C"        : 0   of 5  
task33 "Hello world" "world"        : 0   of 5  
task33 "Hello hEllo HELLO HellO hello_world" "HellO" : 0   of 5  
task33 "What is the word for censor word function" "word" : 0   of 5  
task33 "Yet another compiler compiler is called YACC" "compiler" : 0   of 5  
task33 "Do not trouble trouble until trouble troubles you" "troubles" : 0   of 5  
task33 "Do not trouble trouble until trouble troubles you" "Troubles" : 5   of 5  
-------------------------------------------------
CS240 - Midterm 1: censorWord. cs240 Mon Jan 30 22:41:12 EST 2017  Total:  10 of 50



-------------------------------------------------
CS240 Midterm 1: censorWord. cs240   
Mon Jan 30 22:41:45 EST 2017
-------------------------------------------------
task33 "A A A AA" "A"               : 0   of 5  
task33 "O o AA" "o"                 : 0   of 5  
task33 "1231123" "1"                : 5   of 5  
task33 "A B C D A B C D" "C"        : 0   of 5  
task33 "Hello world" "world"        : 0   of 5  
task33 "Hello hEllo HELLO HellO hello_world" "HellO" : 0   of 5  
task33 "What is the word for censor word function" "word" : 0   of 5  
task33 "Yet another compiler compiler is called YACC" "compiler" : 0   of 5  
task33 "Do not trouble trouble until trouble troubles you" "troubles" : 0   of 5  
task33 "Do not trouble trouble until trouble troubles you" "Troubles" : 5   of 5  
-------------------------------------------------
CS240 - Midterm 1: censorWord. cs240 Mon Jan 30 22:41:45 EST 2017  Total:  10 of 50



-------------------------------------------------
CS240 Midterm 1: censorWord. cs240   
Mon Jan 30 22:42:30 EST 2017
-------------------------------------------------
task33 "A A A AA" "A"               : 0   of 5  
task33 "O o AA" "o"                 : 0   of 5  
task33 "1231123" "1"                : 5   of 5  
task33 "A B C D A B C D" "C"        : 0   of 5  
task33 "Hello world" "world"        : 0   of 5  
task33 "Hello hEllo HELLO HellO hello_world" "HellO" : 0   of 5  
task33 "What is the word for censor word function" "word" : 0   of 5  
task33 "Yet another compiler compiler is called YACC" "compiler" : 0   of 5  
task33 "Do not trouble trouble until trouble troubles you" "troubles" : 0   of 5  
task33 "Do not trouble trouble until trouble troubles you" "Troubles" : 5   of 5  
-------------------------------------------------
CS240 - Midterm 1: censorWord. cs240 Mon Jan 30 22:42:30 EST 2017  Total:  10 of 50



-------------------------------------------------
CS240 Midterm 1: censorWord. cs240   
Mon Jan 30 22:42:49 EST 2017
-------------------------------------------------
task33 "A A A AA" "A"               : 0   of 5  
task33 "O o AA" "o"                 : 0   of 5  
task33 "1231123" "1"                : 5   of 5  
task33 "A B C D A B C D" "C"        : 0   of 5  
task33 "Hello world" "world"        : 0   of 5  
task33 "Hello hEllo HELLO HellO hello_world" "HellO" : 0   of 5  
task33 "What is the word for censor word function" "word" : 0   of 5  
task33 "Yet another compiler compiler is called YACC" "compiler" : 0   of 5  
task33 "Do not trouble trouble until trouble troubles you" "troubles" : 0   of 5  
task33 "Do not trouble trouble until trouble troubles you" "Troubles" : 5   of 5  
-------------------------------------------------
CS240 - Midterm 1: censorWord. cs240 Mon Jan 30 22:42:49 EST 2017  Total:  10 of 50



-------------------------------------------------
CS240 Midterm 1: censorWord. jandruli   
Tue Jan 31 07:54:43 EST 2017
-------------------------------------------------
task33 "A A A AA" "A"               : 0   of 5  
task33 "O o AA" "o"                 : 0   of 5  
task33 "1231123" "1"                : 5   of 5  
task33 "A B C D A B C D" "C"        : 0   of 5  
task33 "Hello world" "world"        : 0   of 5  
task33 "Hello hEllo HELLO HellO hello_world" "HellO" : 0   of 5  
task33 "What is the word for censor word function" "word" : 0   of 5  
task33 "Yet another compiler compiler is called YACC" "compiler" : 0   of 5  
task33 "Do not trouble trouble until trouble troubles you" "troubles" : 0   of 5  
task33 "Do not trouble trouble until trouble troubles you" "Troubles" : 5   of 5  
-------------------------------------------------
CS240 - Midterm 1: censorWord. jandruli Tue Jan 31 07:54:43 EST 2017  Total:  10 of 50



-------------------------------------------------
CS240 Midterm 1: censorWord. jandruli   
Tue Feb  7 23:21:57 EST 2017
-------------------------------------------------
task33 "A A A AA" "A"               : 0   of 5  
task33 "O o AA" "o"                 : 0   of 5  
task33 "1231123" "1"                : 5   of 5  
task33 "A B C D A B C D" "C"        : 0   of 5  
task33 "Hello world" "world"        : 0   of 5  
task33 "Hello hEllo HELLO HellO hello_world" "HellO" : 0   of 5  
task33 "What is the word for censor word function" "word" : 0   of 5  
task33 "Yet another compiler compiler is called YACC" "compiler" : 0   of 5  
task33 "Do not trouble trouble until trouble troubles you" "troubles" : 0   of 5  
task33 "Do not trouble trouble until trouble troubles you" "Troubles" : 5   of 5  
-------------------------------------------------
CS240 - Midterm 1: censorWord. jandruli Tue Feb 7 23:21:57 EST 2017  Total:  10 of 50



-------------------------------------------------
CS240 Midterm 1: censorWord. jandruli   
Tue Feb  7 23:22:20 EST 2017
-------------------------------------------------
task33 "A A A AA" "A"               : 0   of 5  
task33 "O o AA" "o"                 : 0   of 5  
task33 "1231123" "1"                : 5   of 5  
task33 "A B C D A B C D" "C"        : 0   of 5  
task33 "Hello world" "world"        : 0   of 5  
task33 "Hello hEllo HELLO HellO hello_world" "HellO" : 0   of 5  
task33 "What is the word for censor word function" "word" : 0   of 5  
task33 "Yet another compiler compiler is called YACC" "compiler" : 0   of 5  
task33 "Do not trouble trouble until trouble troubles you" "troubles" : 0   of 5  
task33 "Do not trouble trouble until trouble troubles you" "Troubles" : 5   of 5  
-------------------------------------------------
CS240 - Midterm 1: censorWord. jandruli Tue Feb 7 23:22:20 EST 2017  Total:  10 of 50



-------------------------------------------------
CS240 Midterm 1: censorWord. jandruli   
Tue Feb  7 23:23:46 EST 2017
-------------------------------------------------
task33 "A A A AA" "A"               : 0   of 5  
task33 "O o AA" "o"                 : 0   of 5  
task33 "1231123" "1"                : 5   of 5  
task33 "A B C D A B C D" "C"        : 0   of 5  
task33 "Hello world" "world"        : 0   of 5  
task33 "Hello hEllo HELLO HellO hello_world" "HellO" : 0   of 5  
task33 "What is the word for censor word function" "word" : 0   of 5  
task33 "Yet another compiler compiler is called YACC" "compiler" : 0   of 5  
task33 "Do not trouble trouble until trouble troubles you" "troubles" : 0   of 5  
task33 "Do not trouble trouble until trouble troubles you" "Troubles" : 5   of 5  
-------------------------------------------------
CS240 - Midterm 1: censorWord. jandruli Tue Feb 7 23:23:46 EST 2017  Total:  10 of 50



-------------------------------------------------
CS240 Midterm 1: censorWord. jandruli   
Tue Feb  7 23:24:42 EST 2017
-------------------------------------------------
task33 "A A A AA" "A"               : 0   of 5  
task33 "O o AA" "o"                 : 0   of 5  
task33 "1231123" "1"                : 5   of 5  
task33 "A B C D A B C D" "C"        : 0   of 5  
task33 "Hello world" "world"        : 0   of 5  
task33 "Hello hEllo HELLO HellO hello_world" "HellO" : 0   of 5  
task33 "What is the word for censor word function" "word" : 0   of 5  
task33 "Yet another compiler compiler is called YACC" "compiler" : 0   of 5  
task33 "Do not trouble trouble until trouble troubles you" "troubles" : 0   of 5  
task33 "Do not trouble trouble until trouble troubles you" "Troubles" : 5   of 5  
-------------------------------------------------
CS240 - Midterm 1: censorWord. jandruli Tue Feb 7 23:24:42 EST 2017  Total:  10 of 50



-------------------------------------------------
CS240 Midterm 1: censorWord. jandruli   
Tue Feb  7 23:25:34 EST 2017
-------------------------------------------------
task33 "A A A AA" "A"               : 0   of 5  
task33 "O o AA" "o"                 : 0   of 5  
task33 "1231123" "1"                : 5   of 5  
task33 "A B C D A B C D" "C"        : 0   of 5  
task33 "Hello world" "world"        : 0   of 5  
task33 "Hello hEllo HELLO HellO hello_world" "HellO" : 0   of 5  
task33 "What is the word for censor word function" "word" : 0   of 5  
task33 "Yet another compiler compiler is called YACC" "compiler" : 0   of 5  
task33 "Do not trouble trouble until trouble troubles you" "troubles" : 0   of 5  
task33 "Do not trouble trouble until trouble troubles you" "Troubles" : 5   of 5  
-------------------------------------------------
CS240 - Midterm 1: censorWord. jandruli Tue Feb 7 23:25:34 EST 2017  Total:  10 of 50



-------------------------------------------------
CS240 Midterm 1: censorWord. jandruli   
Tue Feb  7 23:28:53 EST 2017
-------------------------------------------------
task33 "A A A AA" "A"               : 0   of 5  
task33 "O o AA" "o"                 : 0   of 5  
task33 "1231123" "1"                : 5   of 5  
task33 "A B C D A B C D" "C"        : 0   of 5  
task33 "Hello world" "world"        : 0   of 5  
task33 "Hello hEllo HELLO HellO hello_world" "HellO" : 0   of 5  
task33 "What is the word for censor word function" "word" : 0   of 5  
task33 "Yet another compiler compiler is called YACC" "compiler" : 0   of 5  
task33 "Do not trouble trouble until trouble troubles you" "troubles" : 0   of 5  
task33 "Do not trouble trouble until trouble troubles you" "Troubles" : 5   of 5  
-------------------------------------------------
CS240 - Midterm 1: censorWord. jandruli Tue Feb 7 23:28:53 EST 2017  Total:  10 of 50



-------------------------------------------------
CS240 Midterm 1: censorWord. jandruli   
Tue Feb  7 23:31:46 EST 2017
-------------------------------------------------
-------------------------------------------------
CS240 - Midterm 1: censorWord. jandruli Tue Feb 7 23:31:46 EST 2017  Total:  0 of 50



-------------------------------------------------
CS240 Midterm 1: censorWord. jandruli   
Tue Feb  7 23:33:09 EST 2017
-------------------------------------------------
task33 "A A A AA" "A"               : 0   of 5  
task33 "O o AA" "o"                 : 0   of 5  
task33 "1231123" "1"                : 0   of 5  
task33 "A B C D A B C D" "C"        : 0   of 5  
task33 "Hello world" "world"        : 0   of 5  
task33 "Hello hEllo HELLO HellO hello_world" "HellO" : 0   of 5  
task33 "What is the word for censor word function" "word" : 0   of 5  
task33 "Yet another compiler compiler is called YACC" "compiler" : 0   of 5  
task33 "Do not trouble trouble until trouble troubles you" "troubles" : 0   of 5  
task33 "Do not trouble trouble until trouble troubles you" "Troubles" : 5   of 5  
-------------------------------------------------
CS240 - Midterm 1: censorWord. jandruli Tue Feb 7 23:33:09 EST 2017  Total:  5 of 50



-------------------------------------------------
CS240 Midterm 1: censorWord. jandruli   
Tue Feb  7 23:33:24 EST 2017
-------------------------------------------------
task33 "A A A AA" "A"               : 0   of 5  
task33 "O o AA" "o"                 : 0   of 5  
task33 "1231123" "1"                : 0   of 5  
task33 "A B C D A B C D" "C"        : 0   of 5  
task33 "Hello world" "world"        : 0   of 5  
task33 "Hello hEllo HELLO HellO hello_world" "HellO" : 0   of 5  
task33 "What is the word for censor word function" "word" : 0   of 5  
task33 "Yet another compiler compiler is called YACC" "compiler" : 0   of 5  
task33 "Do not trouble trouble until trouble troubles you" "troubles" : 0   of 5  
task33 "Do not trouble trouble until trouble troubles you" "Troubles" : 0   of 5  
-------------------------------------------------
CS240 - Midterm 1: censorWord. jandruli Tue Feb 7 23:33:24 EST 2017  Total:  0 of 50



-------------------------------------------------
CS240 Midterm 1: censorWord. jandruli   
Tue Feb  7 23:38:51 EST 2017
-------------------------------------------------
task33 "A A A AA" "A"               : 0   of 5  
task33 "O o AA" "o"                 : 0   of 5  
task33 "1231123" "1"                : 5   of 5  
task33 "A B C D A B C D" "C"        : 0   of 5  
task33 "Hello world" "world"        : 0   of 5  
task33 "Hello hEllo HELLO HellO hello_world" "HellO" : 0   of 5  
task33 "What is the word for censor word function" "word" : 0   of 5  
task33 "Yet another compiler compiler is called YACC" "compiler" : 0   of 5  
task33 "Do not trouble trouble until trouble troubles you" "troubles" : 0   of 5  
task33 "Do not trouble trouble until trouble troubles you" "Troubles" : 5   of 5  
-------------------------------------------------
CS240 - Midterm 1: censorWord. jandruli Tue Feb 7 23:38:51 EST 2017  Total:  10 of 50



-------------------------------------------------
CS240 Midterm 1: censorWord. jandruli   
Tue Feb  7 23:41:43 EST 2017
-------------------------------------------------
task33 "A A A AA" "A"               : 0   of 5  
task33 "O o AA" "o"                 : 0   of 5  
task33 "1231123" "1"                : 5   of 5  
task33 "A B C D A B C D" "C"        : 0   of 5  
task33 "Hello world" "world"        : 0   of 5  
task33 "Hello hEllo HELLO HellO hello_world" "HellO" : 0   of 5  
task33 "What is the word for censor word function" "word" : 0   of 5  
task33 "Yet another compiler compiler is called YACC" "compiler" : 0   of 5  
task33 "Do not trouble trouble until trouble troubles you" "troubles" : 0   of 5  
task33 "Do not trouble trouble until trouble troubles you" "Troubles" : 5   of 5  
-------------------------------------------------
CS240 - Midterm 1: censorWord. jandruli Tue Feb 7 23:41:43 EST 2017  Total:  10 of 50



-------------------------------------------------
CS240 Midterm 1: censorWord. jandruli   
Tue Feb  7 23:42:25 EST 2017
-------------------------------------------------
task33 "A A A AA" "A"               : 0   of 5  
task33 "O o AA" "o"                 : 0   of 5  
task33 "1231123" "1"                : 5   of 5  
task33 "A B C D A B C D" "C"        : 0   of 5  
task33 "Hello world" "world"        : 0   of 5  
task33 "Hello hEllo HELLO HellO hello_world" "HellO" : 0   of 5  
task33 "What is the word for censor word function" "word" : 0   of 5  
task33 "Yet another compiler compiler is called YACC" "compiler" : 0   of 5  
task33 "Do not trouble trouble until trouble troubles you" "troubles" : 0   of 5  
task33 "Do not trouble trouble until trouble troubles you" "Troubles" : 5   of 5  
-------------------------------------------------
CS240 - Midterm 1: censorWord. jandruli Tue Feb 7 23:42:25 EST 2017  Total:  10 of 50



-------------------------------------------------
CS240 Midterm 1: censorWord. jandruli   
Tue Feb  7 23:42:39 EST 2017
-------------------------------------------------
task33 "A A A AA" "A"               : 5   of 5  
task33 "O o AA" "o"                 : 5   of 5  
task33 "1231123" "1"                : 5   of 5  
task33 "A B C D A B C D" "C"        : 5   of 5  
task33 "Hello world" "world"        : 0   of 5  
task33 "Hello hEllo HELLO HellO hello_world" "HellO" : 5   of 5  
task33 "What is the word for censor word function" "word" : 5   of 5  
task33 "Yet another compiler compiler is called YACC" "compiler" : 5   of 5  
task33 "Do not trouble trouble until trouble troubles you" "troubles" : 5   of 5  
task33 "Do not trouble trouble until trouble troubles you" "Troubles" : 5   of 5  
-------------------------------------------------
CS240 - Midterm 1: censorWord. jandruli Tue Feb 7 23:42:39 EST 2017  Total:  45 of 50



-------------------------------------------------
CS240 Midterm 1: censorWord. jandruli   
Tue Feb  7 23:43:12 EST 2017
-------------------------------------------------
task33 "A A A AA" "A"               : 5   of 5  
task33 "O o AA" "o"                 : 5   of 5  
task33 "1231123" "1"                : 5   of 5  
task33 "A B C D A B C D" "C"        : 5   of 5  
task33 "Hello world" "world"        : 0   of 5  
task33 "Hello hEllo HELLO HellO hello_world" "HellO" : 5   of 5  
task33 "What is the word for censor word function" "word" : 5   of 5  
task33 "Yet another compiler compiler is called YACC" "compiler" : 5   of 5  
task33 "Do not trouble trouble until trouble troubles you" "troubles" : 5   of 5  
task33 "Do not trouble trouble until trouble troubles you" "Troubles" : 5   of 5  
-------------------------------------------------
CS240 - Midterm 1: censorWord. jandruli Tue Feb 7 23:43:12 EST 2017  Total:  45 of 50



-------------------------------------------------
CS240 Midterm 1: censorWord. jandruli   
Tue Feb  7 23:45:35 EST 2017
-------------------------------------------------
task33 "A A A AA" "A"               : 5   of 5  
task33 "O o AA" "o"                 : 5   of 5  
task33 "1231123" "1"                : 5   of 5  
task33 "A B C D A B C D" "C"        : 5   of 5  
task33 "Hello world" "world"        : 0   of 5  
task33 "Hello hEllo HELLO HellO hello_world" "HellO" : 5   of 5  
task33 "What is the word for censor word function" "word" : 5   of 5  
task33 "Yet another compiler compiler is called YACC" "compiler" : 5   of 5  
task33 "Do not trouble trouble until trouble troubles you" "troubles" : 5   of 5  
task33 "Do not trouble trouble until trouble troubles you" "Troubles" : 5   of 5  
-------------------------------------------------
CS240 - Midterm 1: censorWord. jandruli Tue Feb 7 23:45:35 EST 2017  Total:  45 of 50



-------------------------------------------------
CS240 Midterm 1: censorWord. jandruli   
Tue Feb  7 23:47:37 EST 2017
-------------------------------------------------
task33 "A A A AA" "A"               : 5   of 5  
task33 "O o AA" "o"                 : 5   of 5  
task33 "1231123" "1"                : 5   of 5  
task33 "A B C D A B C D" "C"        : 5   of 5  
task33 "Hello world" "world"        : 0   of 5  
task33 "Hello hEllo HELLO HellO hello_world" "HellO" : 5   of 5  
task33 "What is the word for censor word function" "word" : 5   of 5  
task33 "Yet another compiler compiler is called YACC" "compiler" : 5   of 5  
task33 "Do not trouble trouble until trouble troubles you" "troubles" : 5   of 5  
task33 "Do not trouble trouble until trouble troubles you" "Troubles" : 5   of 5  
-------------------------------------------------
CS240 - Midterm 1: censorWord. jandruli Tue Feb 7 23:47:37 EST 2017  Total:  45 of 50



-------------------------------------------------
CS240 Midterm 1: censorWord. jandruli   
Tue Feb  7 23:49:08 EST 2017
-------------------------------------------------
task33 "A A A AA" "A"               : 0   of 5  
task33 "O o AA" "o"                 : 5   of 5  
task33 "1231123" "1"                : 5   of 5  
task33 "A B C D A B C D" "C"        : 5   of 5  
task33 "Hello world" "world"        : 5   of 5  
task33 "Hello hEllo HELLO HellO hello_world" "HellO" : 5   of 5  
task33 "What is the word for censor word function" "word" : 5   of 5  
task33 "Yet another compiler compiler is called YACC" "compiler" : 5   of 5  
task33 "Do not trouble trouble until trouble troubles you" "troubles" : 5   of 5  
task33 "Do not trouble trouble until trouble troubles you" "Troubles" : 5   of 5  
-------------------------------------------------
CS240 - Midterm 1: censorWord. jandruli Tue Feb 7 23:49:08 EST 2017  Total:  45 of 50



-------------------------------------------------
CS240 Midterm 1: censorWord. jandruli   
Tue Feb  7 23:51:59 EST 2017
-------------------------------------------------
task33 "A A A AA" "A"               : 0   of 5  
task33 "O o AA" "o"                 : 0   of 5  
task33 "1231123" "1"                : 5   of 5  
task33 "A B C D A B C D" "C"        : 0   of 5  
task33 "Hello world" "world"        : 0   of 5  
task33 "Hello hEllo HELLO HellO hello_world" "HellO" : 0   of 5  
task33 "What is the word for censor word function" "word" : 0   of 5  
task33 "Yet another compiler compiler is called YACC" "compiler" : 0   of 5  
task33 "Do not trouble trouble until trouble troubles you" "troubles" : 0   of 5  
task33 "Do not trouble trouble until trouble troubles you" "Troubles" : 5   of 5  
-------------------------------------------------
CS240 - Midterm 1: censorWord. jandruli Tue Feb 7 23:51:59 EST 2017  Total:  10 of 50



-------------------------------------------------
CS240 Midterm 1: censorWord. jandruli   
Tue Feb  7 23:52:31 EST 2017
-------------------------------------------------
task33 "A A A AA" "A"               : 5   of 5  
task33 "O o AA" "o"                 : 5   of 5  
task33 "1231123" "1"                : 5   of 5  
task33 "A B C D A B C D" "C"        : 5   of 5  
task33 "Hello world" "world"        : 5   of 5  
task33 "Hello hEllo HELLO HellO hello_world" "HellO" : 5   of 5  
task33 "What is the word for censor word function" "word" : 5   of 5  
task33 "Yet another compiler compiler is called YACC" "compiler" : 5   of 5  
task33 "Do not trouble trouble until trouble troubles you" "troubles" : 5   of 5  
task33 "Do not trouble trouble until trouble troubles you" "Troubles" : 5   of 5  
-------------------------------------------------
CS240 - Midterm 1: censorWord. jandruli Tue Feb 7 23:52:31 EST 2017  Total:  50 of 50



-------------------------------------------------
CS240 Midterm 1: censorWord. jandruli   
Tue Feb  7 23:52:42 EST 2017
-------------------------------------------------
task33 "A A A AA" "A"               : 5   of 5  
task33 "O o AA" "o"                 : 5   of 5  
task33 "1231123" "1"                : 5   of 5  
task33 "A B C D A B C D" "C"        : 5   of 5  
task33 "Hello world" "world"        : 5   of 5  
task33 "Hello hEllo HELLO HellO hello_world" "HellO" : 5   of 5  
task33 "What is the word for censor word function" "word" : 5   of 5  
task33 "Yet another compiler compiler is called YACC" "compiler" : 5   of 5  
task33 "Do not trouble trouble until trouble troubles you" "troubles" : 5   of 5  
task33 "Do not trouble trouble until trouble troubles you" "Troubles" : 5   of 5  
-------------------------------------------------
CS240 - Midterm 1: censorWord. jandruli Tue Feb 7 23:52:42 EST 2017  Total:  50 of 50



-------------------------------------------------
CS240 Midterm 1: censorWord. jandruli   
Wed Feb  8 18:17:11 EST 2017
-------------------------------------------------
task33 "A A A AA" "A"               : 5   of 5  
task33 "O o AA" "o"                 : 5   of 5  
task33 "1231123" "1"                : 5   of 5  
task33 "A B C D A B C D" "C"        : 5   of 5  
task33 "Hello world" "world"        : 5   of 5  
task33 "Hello hEllo HELLO HellO hello_world" "HellO" : 5   of 5  
task33 "What is the word for censor word function" "word" : 5   of 5  
task33 "Yet another compiler compiler is called YACC" "compiler" : 5   of 5  
task33 "Do not trouble trouble until trouble troubles you" "troubles" : 5   of 5  
task33 "Do not trouble trouble until trouble troubles you" "Troubles" : 5   of 5  
-------------------------------------------------
CS240 - Midterm 1: censorWord. jandruli Wed Feb 8 18:17:11 EST 2017  Total:  50 of 50



-------------------------------------------------
CS240 Midterm 1: censorWord. jandruli   
Fri Feb 10 09:03:08 EST 2017
-------------------------------------------------
task33 "A A A AA" "A"               : 5   of 5  
task33 "O o AA" "o"                 : 5   of 5  
task33 "1231123" "1"                : 5   of 5  
task33 "A B C D A B C D" "C"        : 5   of 5  
task33 "Hello world" "world"        : 5   of 5  
task33 "Hello hEllo HELLO HellO hello_world" "HellO" : 5   of 5  
task33 "What is the word for censor word function" "word" : 5   of 5  
task33 "Yet another compiler compiler is called YACC" "compiler" : 5   of 5  
task33 "Do not trouble trouble until trouble troubles you" "troubles" : 5   of 5  
task33 "Do not trouble trouble until trouble troubles you" "Troubles" : 5   of 5  
-------------------------------------------------
CS240 - Midterm 1: censorWord. jandruli Fri Feb 10 09:03:08 EST 2017  Total:  50 of 50



-------------------------------------------------
CS240 Midterm 1: censorWord. jandruli   
Fri Feb 10 09:14:39 EST 2017
-------------------------------------------------
task33 "A A A AA" "A"               : 5   of 5  
task33 "O o AA" "o"                 : 5   of 5  
task33 "1231123" "1"                : 5   of 5  
task33 "A B C D A B C D" "C"        : 5   of 5  
task33 "Hello world" "world"        : 5   of 5  
task33 "Hello hEllo HELLO HellO hello_world" "HellO" : 5   of 5  
task33 "What is the word for censor word function" "word" : 5   of 5  
task33 "Yet another compiler compiler is called YACC" "compiler" : 5   of 5  
task33 "Do not trouble trouble until trouble troubles you" "troubles" : 5   of 5  
task33 "Do not trouble trouble until trouble troubles you" "Troubles" : 5   of 5  
-------------------------------------------------
CS240 - Midterm 1: censorWord. jandruli Fri Feb 10 09:14:39 EST 2017  Total:  50 of 50

